{"/home/amir/T-DEV-600-MAR_7/back/Controllers/AuthControllers.js": {"path":"/home/amir/T-DEV-600-MAR_7/back/Controllers/AuthControllers.js","statementMap":{"0":{"start":{"line":5,"column":23},"end":{"line":9,"column":1}},"1":{"start":{"line":6,"column":4},"end":{"line":8,"column":7}},"2":{"start":{"line":11,"column":26},"end":{"line":31,"column":1}},"3":{"start":{"line":12,"column":2},"end":{"line":30,"column":3}},"4":{"start":{"line":14,"column":61},"end":{"line":14,"column":69}},"5":{"start":{"line":15,"column":23},"end":{"line":15,"column":25}},"6":{"start":{"line":16,"column":27},"end":{"line":16,"column":66}},"7":{"start":{"line":18,"column":20},"end":{"line":24,"column":5}},"8":{"start":{"line":26,"column":4},"end":{"line":26,"column":67}},"9":{"start":{"line":29,"column":4},"end":{"line":29,"column":16}},"10":{"start":{"line":33,"column":21},"end":{"line":76,"column":1}},"11":{"start":{"line":34,"column":2},"end":{"line":75,"column":3}},"12":{"start":{"line":35,"column":31},"end":{"line":35,"column":39}},"13":{"start":{"line":37,"column":4},"end":{"line":39,"column":5}},"14":{"start":{"line":38,"column":6},"end":{"line":38,"column":67}},"15":{"start":{"line":41,"column":17},"end":{"line":41,"column":49}},"16":{"start":{"line":43,"column":4},"end":{"line":45,"column":5}},"17":{"start":{"line":44,"column":6},"end":{"line":44,"column":73}},"18":{"start":{"line":47,"column":20},"end":{"line":47,"column":65}},"19":{"start":{"line":49,"column":4},"end":{"line":51,"column":5}},"20":{"start":{"line":50,"column":6},"end":{"line":50,"column":73}},"21":{"start":{"line":53,"column":20},"end":{"line":53,"column":98}},"22":{"start":{"line":54,"column":24},"end":{"line":58,"column":5}},"23":{"start":{"line":60,"column":4},"end":{"line":70,"column":7}},"24":{"start":{"line":73,"column":4},"end":{"line":73,"column":25}},"25":{"start":{"line":74,"column":4},"end":{"line":74,"column":56}},"26":{"start":{"line":78,"column":23},"end":{"line":86,"column":1}},"27":{"start":{"line":79,"column":2},"end":{"line":85,"column":3}},"28":{"start":{"line":80,"column":17},"end":{"line":80,"column":54}},"29":{"start":{"line":81,"column":4},"end":{"line":81,"column":63}},"30":{"start":{"line":81,"column":14},"end":{"line":81,"column":63}},"31":{"start":{"line":82,"column":6},"end":{"line":82,"column":65}},"32":{"start":{"line":84,"column":4},"end":{"line":84,"column":16}}},"fnMap":{"0":{"name":"(anonymous_0)","decl":{"start":{"line":5,"column":23},"end":{"line":5,"column":24}},"loc":{"start":{"line":5,"column":62},"end":{"line":9,"column":1}},"line":5},"1":{"name":"(anonymous_1)","decl":{"start":{"line":11,"column":26},"end":{"line":11,"column":27}},"loc":{"start":{"line":11,"column":52},"end":{"line":31,"column":1}},"line":11},"2":{"name":"(anonymous_2)","decl":{"start":{"line":33,"column":21},"end":{"line":33,"column":22}},"loc":{"start":{"line":33,"column":41},"end":{"line":76,"column":1}},"line":33},"3":{"name":"(anonymous_3)","decl":{"start":{"line":78,"column":23},"end":{"line":78,"column":24}},"loc":{"start":{"line":78,"column":49},"end":{"line":86,"column":1}},"line":78}},"branchMap":{"0":{"loc":{"start":{"line":5,"column":46},"end":{"line":5,"column":57}},"type":"default-arg","locations":[{"start":{"line":5,"column":53},"end":{"line":5,"column":57}}],"line":5},"1":{"loc":{"start":{"line":37,"column":4},"end":{"line":39,"column":5}},"type":"if","locations":[{"start":{"line":37,"column":4},"end":{"line":39,"column":5}},{"start":{},"end":{}}],"line":37},"2":{"loc":{"start":{"line":37,"column":8},"end":{"line":37,"column":26}},"type":"binary-expr","locations":[{"start":{"line":37,"column":8},"end":{"line":37,"column":13}},{"start":{"line":37,"column":17},"end":{"line":37,"column":26}}],"line":37},"3":{"loc":{"start":{"line":43,"column":4},"end":{"line":45,"column":5}},"type":"if","locations":[{"start":{"line":43,"column":4},"end":{"line":45,"column":5}},{"start":{},"end":{}}],"line":43},"4":{"loc":{"start":{"line":49,"column":4},"end":{"line":51,"column":5}},"type":"if","locations":[{"start":{"line":49,"column":4},"end":{"line":51,"column":5}},{"start":{},"end":{}}],"line":49},"5":{"loc":{"start":{"line":81,"column":4},"end":{"line":81,"column":63}},"type":"if","locations":[{"start":{"line":81,"column":4},"end":{"line":81,"column":63}},{"start":{},"end":{}}],"line":81}},"s":{"0":1,"1":3,"2":1,"3":2,"4":2,"5":2,"6":2,"7":2,"8":1,"9":1,"10":1,"11":6,"12":6,"13":6,"14":2,"15":4,"16":3,"17":1,"18":2,"19":2,"20":1,"21":1,"22":1,"23":1,"24":1,"25":1,"26":1,"27":2,"28":2,"29":2,"30":1,"31":1,"32":0},"f":{"0":3,"1":2,"2":6,"3":2},"b":{"0":[1],"1":[2,4],"2":[6,5],"3":[1,2],"4":[1,1],"5":[1,1]},"_coverageSchema":"1a1c01bbd47fc00a2c39e90264f33305004495a9","hash":"2d21c04b72bd60fcd7ae62a0e71fd85c85a81822"}
,"/home/amir/T-DEV-600-MAR_7/back/Controllers/MessageControllers.js": {"path":"/home/amir/T-DEV-600-MAR_7/back/Controllers/MessageControllers.js","statementMap":{"0":{"start":{"line":9,"column":29},"end":{"line":15,"column":1}},"1":{"start":{"line":10,"column":2},"end":{"line":14,"column":34}},"2":{"start":{"line":11,"column":35},"end":{"line":11,"column":43}},"3":{"start":{"line":12,"column":23},"end":{"line":12,"column":82}},"4":{"start":{"line":13,"column":4},"end":{"line":13,"column":84}},"5":{"start":{"line":14,"column":20},"end":{"line":14,"column":32}},"6":{"start":{"line":17,"column":36},"end":{"line":22,"column":1}},"7":{"start":{"line":18,"column":2},"end":{"line":21,"column":34}},"8":{"start":{"line":19,"column":21},"end":{"line":19,"column":76}},"9":{"start":{"line":20,"column":4},"end":{"line":20,"column":88}},"10":{"start":{"line":21,"column":20},"end":{"line":21,"column":32}},"11":{"start":{"line":24,"column":29},"end":{"line":29,"column":1}},"12":{"start":{"line":25,"column":2},"end":{"line":28,"column":34}},"13":{"start":{"line":26,"column":4},"end":{"line":26,"column":53}},"14":{"start":{"line":27,"column":4},"end":{"line":27,"column":70}},"15":{"start":{"line":28,"column":20},"end":{"line":28,"column":32}},"16":{"start":{"line":31,"column":27},"end":{"line":42,"column":1}},"17":{"start":{"line":32,"column":2},"end":{"line":41,"column":3}},"18":{"start":{"line":33,"column":24},"end":{"line":33,"column":32}},"19":{"start":{"line":34,"column":4},"end":{"line":34,"column":83}},"20":{"start":{"line":34,"column":26},"end":{"line":34,"column":83}},"21":{"start":{"line":35,"column":20},"end":{"line":35,"column":95}},"22":{"start":{"line":36,"column":4},"end":{"line":36,"column":72}},"23":{"start":{"line":38,"column":4},"end":{"line":38,"column":98}},"24":{"start":{"line":38,"column":42},"end":{"line":38,"column":98}},"25":{"start":{"line":39,"column":4},"end":{"line":39,"column":104}},"26":{"start":{"line":39,"column":48},"end":{"line":39,"column":104}},"27":{"start":{"line":40,"column":4},"end":{"line":40,"column":16}},"28":{"start":{"line":44,"column":30},"end":{"line":54,"column":1}},"29":{"start":{"line":45,"column":2},"end":{"line":53,"column":3}},"30":{"start":{"line":46,"column":22},"end":{"line":46,"column":30}},"31":{"start":{"line":47,"column":4},"end":{"line":47,"column":73}},"32":{"start":{"line":47,"column":16},"end":{"line":47,"column":73}},"33":{"start":{"line":48,"column":20},"end":{"line":48,"column":89}},"34":{"start":{"line":49,"column":4},"end":{"line":49,"column":87}},"35":{"start":{"line":51,"column":4},"end":{"line":51,"column":104}},"36":{"start":{"line":51,"column":48},"end":{"line":51,"column":104}},"37":{"start":{"line":52,"column":4},"end":{"line":52,"column":16}}},"fnMap":{"0":{"name":"(anonymous_0)","decl":{"start":{"line":9,"column":29},"end":{"line":9,"column":30}},"loc":{"start":{"line":9,"column":55},"end":{"line":15,"column":1}},"line":9},"1":{"name":"(anonymous_1)","decl":{"start":{"line":17,"column":36},"end":{"line":17,"column":37}},"loc":{"start":{"line":17,"column":62},"end":{"line":22,"column":1}},"line":17},"2":{"name":"(anonymous_2)","decl":{"start":{"line":24,"column":29},"end":{"line":24,"column":30}},"loc":{"start":{"line":24,"column":55},"end":{"line":29,"column":1}},"line":24},"3":{"name":"(anonymous_3)","decl":{"start":{"line":31,"column":27},"end":{"line":31,"column":28}},"loc":{"start":{"line":31,"column":53},"end":{"line":42,"column":1}},"line":31},"4":{"name":"(anonymous_4)","decl":{"start":{"line":44,"column":30},"end":{"line":44,"column":31}},"loc":{"start":{"line":44,"column":56},"end":{"line":54,"column":1}},"line":44}},"branchMap":{"0":{"loc":{"start":{"line":34,"column":4},"end":{"line":34,"column":83}},"type":"if","locations":[{"start":{"line":34,"column":4},"end":{"line":34,"column":83}},{"start":{},"end":{}}],"line":34},"1":{"loc":{"start":{"line":38,"column":4},"end":{"line":38,"column":98}},"type":"if","locations":[{"start":{"line":38,"column":4},"end":{"line":38,"column":98}},{"start":{},"end":{}}],"line":38},"2":{"loc":{"start":{"line":39,"column":4},"end":{"line":39,"column":104}},"type":"if","locations":[{"start":{"line":39,"column":4},"end":{"line":39,"column":104}},{"start":{},"end":{}}],"line":39},"3":{"loc":{"start":{"line":47,"column":4},"end":{"line":47,"column":73}},"type":"if","locations":[{"start":{"line":47,"column":4},"end":{"line":47,"column":73}},{"start":{},"end":{}}],"line":47},"4":{"loc":{"start":{"line":51,"column":4},"end":{"line":51,"column":104}},"type":"if","locations":[{"start":{"line":51,"column":4},"end":{"line":51,"column":104}},{"start":{},"end":{}}],"line":51}},"s":{"0":1,"1":2,"2":2,"3":2,"4":1,"5":1,"6":1,"7":2,"8":2,"9":1,"10":1,"11":1,"12":2,"13":2,"14":1,"15":1,"16":1,"17":4,"18":4,"19":4,"20":1,"21":3,"22":1,"23":2,"24":1,"25":1,"26":1,"27":0,"28":1,"29":3,"30":3,"31":3,"32":1,"33":2,"34":1,"35":1,"36":1,"37":0},"f":{"0":2,"1":2,"2":2,"3":4,"4":3},"b":{"0":[1,3],"1":[1,1],"2":[1,0],"3":[1,2],"4":[1,0]},"_coverageSchema":"1a1c01bbd47fc00a2c39e90264f33305004495a9","hash":"bb17f7abd8937af7b28cb7b40761635ca48569a9"}
,"/home/amir/T-DEV-600-MAR_7/back/Controllers/ServerControllers.js": {"path":"/home/amir/T-DEV-600-MAR_7/back/Controllers/ServerControllers.js","statementMap":{"0":{"start":{"line":22,"column":23},"end":{"line":24,"column":1}},"1":{"start":{"line":23,"column":2},"end":{"line":23,"column":53}},"2":{"start":{"line":27,"column":33},"end":{"line":42,"column":1}},"3":{"start":{"line":28,"column":19},"end":{"line":28,"column":65}},"4":{"start":{"line":29,"column":21},"end":{"line":29,"column":52}},"5":{"start":{"line":29,"column":39},"end":{"line":29,"column":51}},"6":{"start":{"line":30,"column":18},"end":{"line":30,"column":41}},"7":{"start":{"line":32,"column":2},"end":{"line":41,"column":3}},"8":{"start":{"line":33,"column":4},"end":{"line":40,"column":5}},"9":{"start":{"line":34,"column":6},"end":{"line":36,"column":7}},"10":{"start":{"line":35,"column":8},"end":{"line":35,"column":33}},"11":{"start":{"line":38,"column":6},"end":{"line":38,"column":46}},"12":{"start":{"line":39,"column":6},"end":{"line":39,"column":25}},"13":{"start":{"line":45,"column":28},"end":{"line":52,"column":1}},"14":{"start":{"line":46,"column":2},"end":{"line":51,"column":3}},"15":{"start":{"line":47,"column":23},"end":{"line":47,"column":50}},"16":{"start":{"line":48,"column":4},"end":{"line":48,"column":73}},"17":{"start":{"line":50,"column":4},"end":{"line":50,"column":16}},"18":{"start":{"line":54,"column":40},"end":{"line":71,"column":1}},"19":{"start":{"line":55,"column":2},"end":{"line":70,"column":3}},"20":{"start":{"line":56,"column":27},"end":{"line":56,"column":35}},"21":{"start":{"line":57,"column":19},"end":{"line":57,"column":31}},"22":{"start":{"line":59,"column":19},"end":{"line":59,"column":65}},"23":{"start":{"line":60,"column":4},"end":{"line":60,"column":69}},"24":{"start":{"line":60,"column":17},"end":{"line":60,"column":69}},"25":{"start":{"line":62,"column":21},"end":{"line":62,"column":75}},"26":{"start":{"line":63,"column":4},"end":{"line":63,"column":85}},"27":{"start":{"line":63,"column":18},"end":{"line":63,"column":85}},"28":{"start":{"line":65,"column":18},"end":{"line":65,"column":65}},"29":{"start":{"line":66,"column":4},"end":{"line":66,"column":108}},"30":{"start":{"line":66,"column":16},"end":{"line":66,"column":108}},"31":{"start":{"line":67,"column":4},"end":{"line":67,"column":91}},"32":{"start":{"line":69,"column":4},"end":{"line":69,"column":16}},"33":{"start":{"line":73,"column":37},"end":{"line":83,"column":1}},"34":{"start":{"line":74,"column":2},"end":{"line":82,"column":3}},"35":{"start":{"line":75,"column":19},"end":{"line":75,"column":31}},"36":{"start":{"line":76,"column":4},"end":{"line":76,"column":65}},"37":{"start":{"line":76,"column":17},"end":{"line":76,"column":65}},"38":{"start":{"line":78,"column":20},"end":{"line":78,"column":62}},"39":{"start":{"line":79,"column":4},"end":{"line":79,"column":70}},"40":{"start":{"line":81,"column":4},"end":{"line":81,"column":16}},"41":{"start":{"line":85,"column":35},"end":{"line":98,"column":1}},"42":{"start":{"line":86,"column":2},"end":{"line":97,"column":3}},"43":{"start":{"line":87,"column":19},"end":{"line":87,"column":29}},"44":{"start":{"line":89,"column":19},"end":{"line":89,"column":49}},"45":{"start":{"line":90,"column":4},"end":{"line":90,"column":69}},"46":{"start":{"line":90,"column":17},"end":{"line":90,"column":69}},"47":{"start":{"line":92,"column":4},"end":{"line":94,"column":7}},"48":{"start":{"line":96,"column":4},"end":{"line":96,"column":16}},"49":{"start":{"line":100,"column":25},"end":{"line":108,"column":1}},"50":{"start":{"line":101,"column":2},"end":{"line":107,"column":3}},"51":{"start":{"line":102,"column":19},"end":{"line":102,"column":60}},"52":{"start":{"line":103,"column":4},"end":{"line":103,"column":69}},"53":{"start":{"line":103,"column":17},"end":{"line":103,"column":69}},"54":{"start":{"line":104,"column":4},"end":{"line":104,"column":68}},"55":{"start":{"line":106,"column":4},"end":{"line":106,"column":16}},"56":{"start":{"line":110,"column":35},"end":{"line":119,"column":1}},"57":{"start":{"line":111,"column":2},"end":{"line":118,"column":3}},"58":{"start":{"line":112,"column":25},"end":{"line":112,"column":35}},"59":{"start":{"line":113,"column":18},"end":{"line":113,"column":60}},"60":{"start":{"line":114,"column":4},"end":{"line":114,"column":68}},"61":{"start":{"line":114,"column":16},"end":{"line":114,"column":68}},"62":{"start":{"line":115,"column":4},"end":{"line":115,"column":66}},"63":{"start":{"line":117,"column":4},"end":{"line":117,"column":16}},"64":{"start":{"line":121,"column":39},"end":{"line":129,"column":1}},"65":{"start":{"line":122,"column":2},"end":{"line":128,"column":3}},"66":{"start":{"line":123,"column":25},"end":{"line":123,"column":35}},"67":{"start":{"line":124,"column":24},"end":{"line":124,"column":70}},"68":{"start":{"line":125,"column":4},"end":{"line":125,"column":75}},"69":{"start":{"line":127,"column":4},"end":{"line":127,"column":16}},"70":{"start":{"line":132,"column":36},"end":{"line":144,"column":1}},"71":{"start":{"line":133,"column":2},"end":{"line":143,"column":3}},"72":{"start":{"line":134,"column":25},"end":{"line":134,"column":35}},"73":{"start":{"line":135,"column":19},"end":{"line":135,"column":30}},"74":{"start":{"line":137,"column":25},"end":{"line":137,"column":76}},"75":{"start":{"line":138,"column":4},"end":{"line":138,"column":88}},"76":{"start":{"line":138,"column":23},"end":{"line":138,"column":88}},"77":{"start":{"line":140,"column":4},"end":{"line":140,"column":70}},"78":{"start":{"line":142,"column":4},"end":{"line":142,"column":16}},"79":{"start":{"line":146,"column":32},"end":{"line":155,"column":1}},"80":{"start":{"line":147,"column":2},"end":{"line":154,"column":3}},"81":{"start":{"line":148,"column":25},"end":{"line":148,"column":35}},"82":{"start":{"line":149,"column":26},"end":{"line":149,"column":65}},"83":{"start":{"line":150,"column":4},"end":{"line":150,"column":80}},"84":{"start":{"line":150,"column":24},"end":{"line":150,"column":80}},"85":{"start":{"line":151,"column":4},"end":{"line":151,"column":60}},"86":{"start":{"line":153,"column":4},"end":{"line":153,"column":16}},"87":{"start":{"line":158,"column":28},"end":{"line":171,"column":1}},"88":{"start":{"line":159,"column":2},"end":{"line":170,"column":3}},"89":{"start":{"line":160,"column":21},"end":{"line":160,"column":29}},"90":{"start":{"line":161,"column":20},"end":{"line":161,"column":31}},"91":{"start":{"line":163,"column":16},"end":{"line":163,"column":30}},"92":{"start":{"line":164,"column":23},"end":{"line":164,"column":42}},"93":{"start":{"line":166,"column":22},"end":{"line":166,"column":74}},"94":{"start":{"line":167,"column":4},"end":{"line":167,"column":71}},"95":{"start":{"line":169,"column":4},"end":{"line":169,"column":16}},"96":{"start":{"line":173,"column":39},"end":{"line":184,"column":1}},"97":{"start":{"line":174,"column":2},"end":{"line":183,"column":3}},"98":{"start":{"line":175,"column":25},"end":{"line":175,"column":35}},"99":{"start":{"line":176,"column":21},"end":{"line":176,"column":29}},"100":{"start":{"line":178,"column":27},"end":{"line":178,"column":79}},"101":{"start":{"line":179,"column":4},"end":{"line":179,"column":88}},"102":{"start":{"line":179,"column":25},"end":{"line":179,"column":88}},"103":{"start":{"line":180,"column":4},"end":{"line":180,"column":77}},"104":{"start":{"line":182,"column":4},"end":{"line":182,"column":16}},"105":{"start":{"line":187,"column":24},"end":{"line":213,"column":1}},"106":{"start":{"line":188,"column":2},"end":{"line":212,"column":3}},"107":{"start":{"line":189,"column":33},"end":{"line":189,"column":43}},"108":{"start":{"line":190,"column":25},"end":{"line":190,"column":33}},"109":{"start":{"line":192,"column":4},"end":{"line":194,"column":5}},"110":{"start":{"line":193,"column":6},"end":{"line":193,"column":67}},"111":{"start":{"line":196,"column":22},"end":{"line":196,"column":71}},"112":{"start":{"line":199,"column":15},"end":{"line":199,"column":32}},"113":{"start":{"line":200,"column":4},"end":{"line":207,"column":5}},"114":{"start":{"line":201,"column":22},"end":{"line":201,"column":45}},"115":{"start":{"line":202,"column":6},"end":{"line":206,"column":7}},"116":{"start":{"line":203,"column":8},"end":{"line":205,"column":9}},"117":{"start":{"line":204,"column":10},"end":{"line":204,"column":58}},"118":{"start":{"line":209,"column":4},"end":{"line":209,"column":58}},"119":{"start":{"line":211,"column":4},"end":{"line":211,"column":16}},"120":{"start":{"line":215,"column":26},"end":{"line":223,"column":1}},"121":{"start":{"line":216,"column":2},"end":{"line":222,"column":3}},"122":{"start":{"line":217,"column":33},"end":{"line":217,"column":43}},"123":{"start":{"line":218,"column":4},"end":{"line":218,"column":46}},"124":{"start":{"line":219,"column":4},"end":{"line":219,"column":45}},"125":{"start":{"line":221,"column":4},"end":{"line":221,"column":16}},"126":{"start":{"line":225,"column":29},"end":{"line":234,"column":1}},"127":{"start":{"line":226,"column":2},"end":{"line":233,"column":3}},"128":{"start":{"line":227,"column":25},"end":{"line":227,"column":35}},"129":{"start":{"line":228,"column":19},"end":{"line":228,"column":30}},"130":{"start":{"line":229,"column":19},"end":{"line":229,"column":61}},"131":{"start":{"line":230,"column":4},"end":{"line":230,"column":52}},"132":{"start":{"line":232,"column":4},"end":{"line":232,"column":16}},"133":{"start":{"line":237,"column":28},"end":{"line":248,"column":1}},"134":{"start":{"line":238,"column":2},"end":{"line":247,"column":3}},"135":{"start":{"line":239,"column":25},"end":{"line":239,"column":35}},"136":{"start":{"line":240,"column":21},"end":{"line":240,"column":29}},"137":{"start":{"line":242,"column":26},"end":{"line":242,"column":67}},"138":{"start":{"line":243,"column":4},"end":{"line":243,"column":80}},"139":{"start":{"line":243,"column":24},"end":{"line":243,"column":80}},"140":{"start":{"line":244,"column":4},"end":{"line":244,"column":75}},"141":{"start":{"line":246,"column":4},"end":{"line":246,"column":16}},"142":{"start":{"line":250,"column":32},"end":{"line":263,"column":1}},"143":{"start":{"line":251,"column":2},"end":{"line":262,"column":3}},"144":{"start":{"line":252,"column":33},"end":{"line":252,"column":43}},"145":{"start":{"line":253,"column":21},"end":{"line":253,"column":29}},"146":{"start":{"line":255,"column":4},"end":{"line":255,"column":67}},"147":{"start":{"line":255,"column":15},"end":{"line":255,"column":67}},"148":{"start":{"line":257,"column":26},"end":{"line":257,"column":79}},"149":{"start":{"line":258,"column":4},"end":{"line":258,"column":91}},"150":{"start":{"line":258,"column":24},"end":{"line":258,"column":91}},"151":{"start":{"line":259,"column":4},"end":{"line":259,"column":82}},"152":{"start":{"line":261,"column":4},"end":{"line":261,"column":16}},"153":{"start":{"line":266,"column":34},"end":{"line":298,"column":1}},"154":{"start":{"line":267,"column":2},"end":{"line":297,"column":3}},"155":{"start":{"line":268,"column":33},"end":{"line":268,"column":43}},"156":{"start":{"line":269,"column":26},"end":{"line":269,"column":38}},"157":{"start":{"line":272,"column":23},"end":{"line":272,"column":73}},"158":{"start":{"line":273,"column":4},"end":{"line":273,"column":86}},"159":{"start":{"line":273,"column":21},"end":{"line":273,"column":86}},"160":{"start":{"line":276,"column":4},"end":{"line":278,"column":5}},"161":{"start":{"line":277,"column":6},"end":{"line":277,"column":63}},"162":{"start":{"line":281,"column":4},"end":{"line":283,"column":5}},"163":{"start":{"line":282,"column":6},"end":{"line":282,"column":74}},"164":{"start":{"line":285,"column":20},"end":{"line":285,"column":71}},"165":{"start":{"line":286,"column":4},"end":{"line":286,"column":83}},"166":{"start":{"line":286,"column":18},"end":{"line":286,"column":83}},"167":{"start":{"line":289,"column":15},"end":{"line":289,"column":32}},"168":{"start":{"line":290,"column":4},"end":{"line":292,"column":5}},"169":{"start":{"line":291,"column":6},"end":{"line":291,"column":76}},"170":{"start":{"line":294,"column":4},"end":{"line":294,"column":56}},"171":{"start":{"line":296,"column":4},"end":{"line":296,"column":16}},"172":{"start":{"line":301,"column":33},"end":{"line":342,"column":1}},"173":{"start":{"line":302,"column":2},"end":{"line":341,"column":3}},"174":{"start":{"line":303,"column":33},"end":{"line":303,"column":43}},"175":{"start":{"line":304,"column":34},"end":{"line":304,"column":42}},"176":{"start":{"line":305,"column":26},"end":{"line":305,"column":38}},"177":{"start":{"line":308,"column":26},"end":{"line":308,"column":79}},"178":{"start":{"line":309,"column":4},"end":{"line":311,"column":5}},"179":{"start":{"line":310,"column":6},"end":{"line":310,"column":81}},"180":{"start":{"line":314,"column":23},"end":{"line":314,"column":73}},"181":{"start":{"line":315,"column":4},"end":{"line":324,"column":5}},"182":{"start":{"line":316,"column":6},"end":{"line":318,"column":7}},"183":{"start":{"line":317,"column":8},"end":{"line":317,"column":64}},"184":{"start":{"line":319,"column":6},"end":{"line":321,"column":7}},"185":{"start":{"line":320,"column":8},"end":{"line":320,"column":75}},"186":{"start":{"line":323,"column":6},"end":{"line":323,"column":58}},"187":{"start":{"line":327,"column":19},"end":{"line":327,"column":102}},"188":{"start":{"line":328,"column":4},"end":{"line":328,"column":71}},"189":{"start":{"line":328,"column":17},"end":{"line":328,"column":71}},"190":{"start":{"line":331,"column":4},"end":{"line":336,"column":5}},"191":{"start":{"line":332,"column":17},"end":{"line":332,"column":34}},"192":{"start":{"line":333,"column":6},"end":{"line":335,"column":7}},"193":{"start":{"line":334,"column":8},"end":{"line":334,"column":78}},"194":{"start":{"line":338,"column":4},"end":{"line":338,"column":56}},"195":{"start":{"line":340,"column":4},"end":{"line":340,"column":16}}},"fnMap":{"0":{"name":"(anonymous_0)","decl":{"start":{"line":22,"column":23},"end":{"line":22,"column":24}},"loc":{"start":{"line":22,"column":62},"end":{"line":24,"column":1}},"line":22},"1":{"name":"(anonymous_1)","decl":{"start":{"line":27,"column":33},"end":{"line":27,"column":34}},"loc":{"start":{"line":27,"column":76},"end":{"line":42,"column":1}},"line":27},"2":{"name":"(anonymous_2)","decl":{"start":{"line":29,"column":34},"end":{"line":29,"column":35}},"loc":{"start":{"line":29,"column":39},"end":{"line":29,"column":51}},"line":29},"3":{"name":"(anonymous_3)","decl":{"start":{"line":45,"column":28},"end":{"line":45,"column":29}},"loc":{"start":{"line":45,"column":55},"end":{"line":52,"column":1}},"line":45},"4":{"name":"(anonymous_4)","decl":{"start":{"line":54,"column":40},"end":{"line":54,"column":41}},"loc":{"start":{"line":54,"column":66},"end":{"line":71,"column":1}},"line":54},"5":{"name":"(anonymous_5)","decl":{"start":{"line":73,"column":37},"end":{"line":73,"column":38}},"loc":{"start":{"line":73,"column":63},"end":{"line":83,"column":1}},"line":73},"6":{"name":"(anonymous_6)","decl":{"start":{"line":85,"column":35},"end":{"line":85,"column":36}},"loc":{"start":{"line":85,"column":61},"end":{"line":98,"column":1}},"line":85},"7":{"name":"(anonymous_7)","decl":{"start":{"line":100,"column":25},"end":{"line":100,"column":26}},"loc":{"start":{"line":100,"column":51},"end":{"line":108,"column":1}},"line":100},"8":{"name":"(anonymous_8)","decl":{"start":{"line":110,"column":35},"end":{"line":110,"column":36}},"loc":{"start":{"line":110,"column":61},"end":{"line":119,"column":1}},"line":110},"9":{"name":"(anonymous_9)","decl":{"start":{"line":121,"column":39},"end":{"line":121,"column":40}},"loc":{"start":{"line":121,"column":65},"end":{"line":129,"column":1}},"line":121},"10":{"name":"(anonymous_10)","decl":{"start":{"line":132,"column":36},"end":{"line":132,"column":37}},"loc":{"start":{"line":132,"column":62},"end":{"line":144,"column":1}},"line":132},"11":{"name":"(anonymous_11)","decl":{"start":{"line":146,"column":32},"end":{"line":146,"column":33}},"loc":{"start":{"line":146,"column":58},"end":{"line":155,"column":1}},"line":146},"12":{"name":"(anonymous_12)","decl":{"start":{"line":158,"column":28},"end":{"line":158,"column":29}},"loc":{"start":{"line":158,"column":54},"end":{"line":171,"column":1}},"line":158},"13":{"name":"(anonymous_13)","decl":{"start":{"line":173,"column":39},"end":{"line":173,"column":40}},"loc":{"start":{"line":173,"column":65},"end":{"line":184,"column":1}},"line":173},"14":{"name":"(anonymous_14)","decl":{"start":{"line":187,"column":24},"end":{"line":187,"column":25}},"loc":{"start":{"line":187,"column":50},"end":{"line":213,"column":1}},"line":187},"15":{"name":"(anonymous_15)","decl":{"start":{"line":215,"column":26},"end":{"line":215,"column":27}},"loc":{"start":{"line":215,"column":52},"end":{"line":223,"column":1}},"line":215},"16":{"name":"(anonymous_16)","decl":{"start":{"line":225,"column":29},"end":{"line":225,"column":30}},"loc":{"start":{"line":225,"column":55},"end":{"line":234,"column":1}},"line":225},"17":{"name":"(anonymous_17)","decl":{"start":{"line":237,"column":28},"end":{"line":237,"column":29}},"loc":{"start":{"line":237,"column":54},"end":{"line":248,"column":1}},"line":237},"18":{"name":"(anonymous_18)","decl":{"start":{"line":250,"column":32},"end":{"line":250,"column":33}},"loc":{"start":{"line":250,"column":58},"end":{"line":263,"column":1}},"line":250},"19":{"name":"(anonymous_19)","decl":{"start":{"line":266,"column":34},"end":{"line":266,"column":35}},"loc":{"start":{"line":266,"column":60},"end":{"line":298,"column":1}},"line":266},"20":{"name":"(anonymous_20)","decl":{"start":{"line":301,"column":33},"end":{"line":301,"column":34}},"loc":{"start":{"line":301,"column":59},"end":{"line":342,"column":1}},"line":301}},"branchMap":{"0":{"loc":{"start":{"line":22,"column":46},"end":{"line":22,"column":57}},"type":"default-arg","locations":[{"start":{"line":22,"column":53},"end":{"line":22,"column":57}}],"line":22},"1":{"loc":{"start":{"line":33,"column":4},"end":{"line":40,"column":5}},"type":"if","locations":[{"start":{"line":33,"column":4},"end":{"line":40,"column":5}},{"start":{},"end":{}}],"line":33},"2":{"loc":{"start":{"line":60,"column":4},"end":{"line":60,"column":69}},"type":"if","locations":[{"start":{"line":60,"column":4},"end":{"line":60,"column":69}},{"start":{},"end":{}}],"line":60},"3":{"loc":{"start":{"line":63,"column":4},"end":{"line":63,"column":85}},"type":"if","locations":[{"start":{"line":63,"column":4},"end":{"line":63,"column":85}},{"start":{},"end":{}}],"line":63},"4":{"loc":{"start":{"line":66,"column":4},"end":{"line":66,"column":108}},"type":"if","locations":[{"start":{"line":66,"column":4},"end":{"line":66,"column":108}},{"start":{},"end":{}}],"line":66},"5":{"loc":{"start":{"line":76,"column":4},"end":{"line":76,"column":65}},"type":"if","locations":[{"start":{"line":76,"column":4},"end":{"line":76,"column":65}},{"start":{},"end":{}}],"line":76},"6":{"loc":{"start":{"line":90,"column":4},"end":{"line":90,"column":69}},"type":"if","locations":[{"start":{"line":90,"column":4},"end":{"line":90,"column":69}},{"start":{},"end":{}}],"line":90},"7":{"loc":{"start":{"line":103,"column":4},"end":{"line":103,"column":69}},"type":"if","locations":[{"start":{"line":103,"column":4},"end":{"line":103,"column":69}},{"start":{},"end":{}}],"line":103},"8":{"loc":{"start":{"line":114,"column":4},"end":{"line":114,"column":68}},"type":"if","locations":[{"start":{"line":114,"column":4},"end":{"line":114,"column":68}},{"start":{},"end":{}}],"line":114},"9":{"loc":{"start":{"line":138,"column":4},"end":{"line":138,"column":88}},"type":"if","locations":[{"start":{"line":138,"column":4},"end":{"line":138,"column":88}},{"start":{},"end":{}}],"line":138},"10":{"loc":{"start":{"line":150,"column":4},"end":{"line":150,"column":80}},"type":"if","locations":[{"start":{"line":150,"column":4},"end":{"line":150,"column":80}},{"start":{},"end":{}}],"line":150},"11":{"loc":{"start":{"line":179,"column":4},"end":{"line":179,"column":88}},"type":"if","locations":[{"start":{"line":179,"column":4},"end":{"line":179,"column":88}},{"start":{},"end":{}}],"line":179},"12":{"loc":{"start":{"line":192,"column":4},"end":{"line":194,"column":5}},"type":"if","locations":[{"start":{"line":192,"column":4},"end":{"line":194,"column":5}},{"start":{},"end":{}}],"line":192},"13":{"loc":{"start":{"line":192,"column":8},"end":{"line":192,"column":66}},"type":"binary-expr","locations":[{"start":{"line":192,"column":8},"end":{"line":192,"column":17}},{"start":{"line":192,"column":21},"end":{"line":192,"column":49}},{"start":{"line":192,"column":53},"end":{"line":192,"column":66}}],"line":192},"14":{"loc":{"start":{"line":200,"column":4},"end":{"line":207,"column":5}},"type":"if","locations":[{"start":{"line":200,"column":4},"end":{"line":207,"column":5}},{"start":{},"end":{}}],"line":200},"15":{"loc":{"start":{"line":203,"column":8},"end":{"line":205,"column":9}},"type":"if","locations":[{"start":{"line":203,"column":8},"end":{"line":205,"column":9}},{"start":{},"end":{}}],"line":203},"16":{"loc":{"start":{"line":243,"column":4},"end":{"line":243,"column":80}},"type":"if","locations":[{"start":{"line":243,"column":4},"end":{"line":243,"column":80}},{"start":{},"end":{}}],"line":243},"17":{"loc":{"start":{"line":255,"column":4},"end":{"line":255,"column":67}},"type":"if","locations":[{"start":{"line":255,"column":4},"end":{"line":255,"column":67}},{"start":{},"end":{}}],"line":255},"18":{"loc":{"start":{"line":258,"column":4},"end":{"line":258,"column":91}},"type":"if","locations":[{"start":{"line":258,"column":4},"end":{"line":258,"column":91}},{"start":{},"end":{}}],"line":258},"19":{"loc":{"start":{"line":273,"column":4},"end":{"line":273,"column":86}},"type":"if","locations":[{"start":{"line":273,"column":4},"end":{"line":273,"column":86}},{"start":{},"end":{}}],"line":273},"20":{"loc":{"start":{"line":276,"column":4},"end":{"line":278,"column":5}},"type":"if","locations":[{"start":{"line":276,"column":4},"end":{"line":278,"column":5}},{"start":{},"end":{}}],"line":276},"21":{"loc":{"start":{"line":281,"column":4},"end":{"line":283,"column":5}},"type":"if","locations":[{"start":{"line":281,"column":4},"end":{"line":283,"column":5}},{"start":{},"end":{}}],"line":281},"22":{"loc":{"start":{"line":281,"column":8},"end":{"line":281,"column":64}},"type":"binary-expr","locations":[{"start":{"line":281,"column":8},"end":{"line":281,"column":35}},{"start":{"line":281,"column":39},"end":{"line":281,"column":64}}],"line":281},"23":{"loc":{"start":{"line":286,"column":4},"end":{"line":286,"column":83}},"type":"if","locations":[{"start":{"line":286,"column":4},"end":{"line":286,"column":83}},{"start":{},"end":{}}],"line":286},"24":{"loc":{"start":{"line":290,"column":4},"end":{"line":292,"column":5}},"type":"if","locations":[{"start":{"line":290,"column":4},"end":{"line":292,"column":5}},{"start":{},"end":{}}],"line":290},"25":{"loc":{"start":{"line":309,"column":4},"end":{"line":311,"column":5}},"type":"if","locations":[{"start":{"line":309,"column":4},"end":{"line":311,"column":5}},{"start":{},"end":{}}],"line":309},"26":{"loc":{"start":{"line":315,"column":4},"end":{"line":324,"column":5}},"type":"if","locations":[{"start":{"line":315,"column":4},"end":{"line":324,"column":5}},{"start":{},"end":{}}],"line":315},"27":{"loc":{"start":{"line":316,"column":6},"end":{"line":318,"column":7}},"type":"if","locations":[{"start":{"line":316,"column":6},"end":{"line":318,"column":7}},{"start":{},"end":{}}],"line":316},"28":{"loc":{"start":{"line":319,"column":6},"end":{"line":321,"column":7}},"type":"if","locations":[{"start":{"line":319,"column":6},"end":{"line":321,"column":7}},{"start":{},"end":{}}],"line":319},"29":{"loc":{"start":{"line":319,"column":10},"end":{"line":319,"column":66}},"type":"binary-expr","locations":[{"start":{"line":319,"column":10},"end":{"line":319,"column":37}},{"start":{"line":319,"column":41},"end":{"line":319,"column":66}}],"line":319},"30":{"loc":{"start":{"line":327,"column":68},"end":{"line":327,"column":82}},"type":"binary-expr","locations":[{"start":{"line":327,"column":68},"end":{"line":327,"column":74}},{"start":{"line":327,"column":78},"end":{"line":327,"column":82}}],"line":327},"31":{"loc":{"start":{"line":327,"column":84},"end":{"line":327,"column":101}},"type":"binary-expr","locations":[{"start":{"line":327,"column":84},"end":{"line":327,"column":93}},{"start":{"line":327,"column":97},"end":{"line":327,"column":101}}],"line":327},"32":{"loc":{"start":{"line":328,"column":4},"end":{"line":328,"column":71}},"type":"if","locations":[{"start":{"line":328,"column":4},"end":{"line":328,"column":71}},{"start":{},"end":{}}],"line":328},"33":{"loc":{"start":{"line":331,"column":4},"end":{"line":336,"column":5}},"type":"if","locations":[{"start":{"line":331,"column":4},"end":{"line":336,"column":5}},{"start":{},"end":{}}],"line":331},"34":{"loc":{"start":{"line":333,"column":6},"end":{"line":335,"column":7}},"type":"if","locations":[{"start":{"line":333,"column":6},"end":{"line":335,"column":7}},{"start":{},"end":{}}],"line":333}},"s":{"0":2,"1":39,"2":2,"3":0,"4":0,"5":0,"6":0,"7":0,"8":0,"9":0,"10":0,"11":0,"12":0,"13":2,"14":2,"15":2,"16":1,"17":1,"18":2,"19":4,"20":4,"21":4,"22":4,"23":4,"24":1,"25":3,"26":3,"27":1,"28":2,"29":2,"30":1,"31":1,"32":0,"33":2,"34":2,"35":2,"36":2,"37":1,"38":1,"39":1,"40":0,"41":2,"42":0,"43":0,"44":0,"45":0,"46":0,"47":0,"48":0,"49":2,"50":2,"51":2,"52":2,"53":1,"54":1,"55":0,"56":2,"57":2,"58":2,"59":2,"60":2,"61":1,"62":1,"63":0,"64":2,"65":1,"66":1,"67":1,"68":1,"69":0,"70":2,"71":2,"72":2,"73":2,"74":2,"75":2,"76":1,"77":1,"78":0,"79":2,"80":2,"81":2,"82":2,"83":2,"84":1,"85":1,"86":0,"87":2,"88":2,"89":2,"90":2,"91":2,"92":2,"93":2,"94":1,"95":1,"96":2,"97":2,"98":2,"99":2,"100":2,"101":2,"102":1,"103":1,"104":0,"105":2,"106":2,"107":2,"108":2,"109":2,"110":1,"111":1,"112":1,"113":1,"114":0,"115":0,"116":0,"117":0,"118":1,"119":0,"120":2,"121":1,"122":1,"123":1,"124":1,"125":0,"126":2,"127":1,"128":1,"129":1,"130":1,"131":1,"132":0,"133":2,"134":2,"135":2,"136":2,"137":2,"138":2,"139":1,"140":1,"141":0,"142":2,"143":2,"144":2,"145":2,"146":2,"147":1,"148":1,"149":1,"150":0,"151":1,"152":0,"153":2,"154":6,"155":6,"156":6,"157":6,"158":6,"159":1,"160":5,"161":1,"162":4,"163":1,"164":3,"165":3,"166":1,"167":2,"168":2,"169":0,"170":2,"171":0,"172":2,"173":6,"174":6,"175":6,"176":6,"177":6,"178":6,"179":1,"180":5,"181":5,"182":3,"183":1,"184":2,"185":1,"186":1,"187":3,"188":3,"189":1,"190":2,"191":1,"192":1,"193":0,"194":2,"195":0},"f":{"0":39,"1":0,"2":0,"3":2,"4":4,"5":2,"6":0,"7":2,"8":2,"9":1,"10":2,"11":2,"12":2,"13":2,"14":2,"15":1,"16":1,"17":2,"18":2,"19":6,"20":6},"b":{"0":[26],"1":[0,0],"2":[1,3],"3":[1,2],"4":[1,1],"5":[1,1],"6":[0,0],"7":[1,1],"8":[1,1],"9":[1,1],"10":[1,1],"11":[1,1],"12":[1,1],"13":[2,2,2],"14":[0,1],"15":[0,0],"16":[1,1],"17":[1,1],"18":[0,1],"19":[1,5],"20":[1,4],"21":[1,3],"22":[4,1],"23":[1,2],"24":[0,2],"25":[1,5],"26":[3,2],"27":[1,2],"28":[1,1],"29":[2,1],"30":[3,2],"31":[3,3],"32":[1,2],"33":[1,1],"34":[0,1]},"_coverageSchema":"1a1c01bbd47fc00a2c39e90264f33305004495a9","hash":"b2a7c23867ecc63093136479a2ebeecb8f3090d8"}
,"/home/amir/T-DEV-600-MAR_7/back/Controllers/TranslateControllers.js": {"path":"/home/amir/T-DEV-600-MAR_7/back/Controllers/TranslateControllers.js","statementMap":{"0":{"start":{"line":3,"column":18},"end":{"line":3,"column":30}},"1":{"start":{"line":5,"column":32},"end":{"line":21,"column":1}},"2":{"start":{"line":6,"column":2},"end":{"line":20,"column":3}},"3":{"start":{"line":7,"column":29},"end":{"line":7,"column":37}},"4":{"start":{"line":9,"column":4},"end":{"line":11,"column":5}},"5":{"start":{"line":10,"column":6},"end":{"line":10,"column":79}},"6":{"start":{"line":12,"column":4},"end":{"line":14,"column":5}},"7":{"start":{"line":13,"column":6},"end":{"line":13,"column":97}},"8":{"start":{"line":16,"column":23},"end":{"line":16,"column":64}},"9":{"start":{"line":17,"column":4},"end":{"line":17,"column":41}},"10":{"start":{"line":19,"column":4},"end":{"line":19,"column":16}}},"fnMap":{"0":{"name":"(anonymous_0)","decl":{"start":{"line":5,"column":32},"end":{"line":5,"column":33}},"loc":{"start":{"line":5,"column":58},"end":{"line":21,"column":1}},"line":5}},"branchMap":{"0":{"loc":{"start":{"line":9,"column":4},"end":{"line":11,"column":5}},"type":"if","locations":[{"start":{"line":9,"column":4},"end":{"line":11,"column":5}},{"start":{},"end":{}}],"line":9},"1":{"loc":{"start":{"line":9,"column":8},"end":{"line":9,"column":24}},"type":"binary-expr","locations":[{"start":{"line":9,"column":8},"end":{"line":9,"column":13}},{"start":{"line":9,"column":17},"end":{"line":9,"column":24}}],"line":9},"2":{"loc":{"start":{"line":12,"column":4},"end":{"line":14,"column":5}},"type":"if","locations":[{"start":{"line":12,"column":4},"end":{"line":14,"column":5}},{"start":{},"end":{}}],"line":12}},"s":{"0":1,"1":1,"2":5,"3":5,"4":5,"5":2,"6":3,"7":1,"8":2,"9":2,"10":0},"f":{"0":5},"b":{"0":[2,3],"1":[5,4],"2":[1,2]},"_coverageSchema":"1a1c01bbd47fc00a2c39e90264f33305004495a9","hash":"9884e6026a13a923238c25b6c1027246706de871"}
,"/home/amir/T-DEV-600-MAR_7/back/middleware/CheckRole.js": {"path":"/home/amir/T-DEV-600-MAR_7/back/middleware/CheckRole.js","statementMap":{"0":{"start":{"line":4,"column":25},"end":{"line":61,"column":1}},"1":{"start":{"line":5,"column":2},"end":{"line":60,"column":4}},"2":{"start":{"line":6,"column":4},"end":{"line":59,"column":5}},"3":{"start":{"line":7,"column":23},"end":{"line":7,"column":42}},"4":{"start":{"line":8,"column":23},"end":{"line":8,"column":34}},"5":{"start":{"line":10,"column":6},"end":{"line":10,"column":83}},"6":{"start":{"line":10,"column":21},"end":{"line":10,"column":83}},"7":{"start":{"line":12,"column":21},"end":{"line":12,"column":71}},"8":{"start":{"line":17,"column":6},"end":{"line":43,"column":7}},"9":{"start":{"line":18,"column":23},"end":{"line":20,"column":9}},"10":{"start":{"line":21,"column":8},"end":{"line":29,"column":9}},"11":{"start":{"line":22,"column":10},"end":{"line":27,"column":12}},"12":{"start":{"line":28,"column":10},"end":{"line":28,"column":39}},"13":{"start":{"line":30,"column":13},"end":{"line":43,"column":7}},"14":{"start":{"line":32,"column":23},"end":{"line":34,"column":9}},"15":{"start":{"line":35,"column":8},"end":{"line":42,"column":9}},"16":{"start":{"line":36,"column":10},"end":{"line":40,"column":12}},"17":{"start":{"line":41,"column":10},"end":{"line":41,"column":39}},"18":{"start":{"line":45,"column":6},"end":{"line":47,"column":7}},"19":{"start":{"line":46,"column":8},"end":{"line":46,"column":88}},"20":{"start":{"line":49,"column":23},"end":{"line":49,"column":36}},"21":{"start":{"line":51,"column":6},"end":{"line":53,"column":7}},"22":{"start":{"line":52,"column":8},"end":{"line":52,"column":96}},"23":{"start":{"line":55,"column":6},"end":{"line":55,"column":30}},"24":{"start":{"line":56,"column":6},"end":{"line":56,"column":13}},"25":{"start":{"line":58,"column":6},"end":{"line":58,"column":16}}},"fnMap":{"0":{"name":"(anonymous_0)","decl":{"start":{"line":4,"column":25},"end":{"line":4,"column":26}},"loc":{"start":{"line":4,"column":50},"end":{"line":61,"column":1}},"line":4},"1":{"name":"(anonymous_1)","decl":{"start":{"line":5,"column":9},"end":{"line":5,"column":10}},"loc":{"start":{"line":5,"column":35},"end":{"line":60,"column":3}},"line":5}},"branchMap":{"0":{"loc":{"start":{"line":4,"column":26},"end":{"line":4,"column":45}},"type":"default-arg","locations":[{"start":{"line":4,"column":43},"end":{"line":4,"column":45}}],"line":4},"1":{"loc":{"start":{"line":10,"column":6},"end":{"line":10,"column":83}},"type":"if","locations":[{"start":{"line":10,"column":6},"end":{"line":10,"column":83}},{"start":{},"end":{}}],"line":10},"2":{"loc":{"start":{"line":17,"column":6},"end":{"line":43,"column":7}},"type":"if","locations":[{"start":{"line":17,"column":6},"end":{"line":43,"column":7}},{"start":{"line":30,"column":13},"end":{"line":43,"column":7}}],"line":17},"3":{"loc":{"start":{"line":17,"column":10},"end":{"line":17,"column":76}},"type":"binary-expr","locations":[{"start":{"line":17,"column":10},"end":{"line":17,"column":19}},{"start":{"line":17,"column":23},"end":{"line":17,"column":76}}],"line":17},"4":{"loc":{"start":{"line":21,"column":8},"end":{"line":29,"column":9}},"type":"if","locations":[{"start":{"line":21,"column":8},"end":{"line":29,"column":9}},{"start":{},"end":{}}],"line":21},"5":{"loc":{"start":{"line":21,"column":12},"end":{"line":21,"column":85}},"type":"binary-expr","locations":[{"start":{"line":21,"column":12},"end":{"line":21,"column":34}},{"start":{"line":21,"column":38},"end":{"line":21,"column":85}}],"line":21},"6":{"loc":{"start":{"line":30,"column":13},"end":{"line":43,"column":7}},"type":"if","locations":[{"start":{"line":30,"column":13},"end":{"line":43,"column":7}},{"start":{},"end":{}}],"line":30},"7":{"loc":{"start":{"line":35,"column":8},"end":{"line":42,"column":9}},"type":"if","locations":[{"start":{"line":35,"column":8},"end":{"line":42,"column":9}},{"start":{},"end":{}}],"line":35},"8":{"loc":{"start":{"line":35,"column":12},"end":{"line":35,"column":85}},"type":"binary-expr","locations":[{"start":{"line":35,"column":12},"end":{"line":35,"column":34}},{"start":{"line":35,"column":38},"end":{"line":35,"column":85}}],"line":35},"9":{"loc":{"start":{"line":45,"column":6},"end":{"line":47,"column":7}},"type":"if","locations":[{"start":{"line":45,"column":6},"end":{"line":47,"column":7}},{"start":{},"end":{}}],"line":45},"10":{"loc":{"start":{"line":51,"column":6},"end":{"line":53,"column":7}},"type":"if","locations":[{"start":{"line":51,"column":6},"end":{"line":53,"column":7}},{"start":{},"end":{}}],"line":51}},"s":{"0":1,"1":8,"2":8,"3":8,"4":8,"5":8,"6":1,"7":7,"8":6,"9":2,"10":2,"11":1,"12":1,"13":4,"14":3,"15":3,"16":1,"17":1,"18":6,"19":1,"20":5,"21":5,"22":1,"23":4,"24":4,"25":1},"f":{"0":8,"1":8},"b":{"0":[0],"1":[1,7],"2":[2,4],"3":[6,4],"4":[1,1],"5":[2,1],"6":[3,1],"7":[1,2],"8":[3,1],"9":[1,5],"10":[1,4]},"_coverageSchema":"1a1c01bbd47fc00a2c39e90264f33305004495a9","hash":"cdea35135c3af2fbf20ca3830a496f333c9fabd6"}
,"/home/amir/T-DEV-600-MAR_7/back/middleware/authentificationJwt.js": {"path":"/home/amir/T-DEV-600-MAR_7/back/middleware/authentificationJwt.js","statementMap":{"0":{"start":{"line":3,"column":28},"end":{"line":15,"column":1}},"1":{"start":{"line":4,"column":21},"end":{"line":4,"column":46}},"2":{"start":{"line":5,"column":2},"end":{"line":5,"column":46}},"3":{"start":{"line":5,"column":19},"end":{"line":5,"column":46}},"4":{"start":{"line":7,"column":16},"end":{"line":7,"column":40}},"5":{"start":{"line":8,"column":2},"end":{"line":14,"column":3}},"6":{"start":{"line":9,"column":20},"end":{"line":9,"column":70}},"7":{"start":{"line":10,"column":4},"end":{"line":10,"column":23}},"8":{"start":{"line":11,"column":4},"end":{"line":11,"column":11}},"9":{"start":{"line":13,"column":4},"end":{"line":13,"column":31}}},"fnMap":{"0":{"name":"(anonymous_0)","decl":{"start":{"line":3,"column":28},"end":{"line":3,"column":29}},"loc":{"start":{"line":3,"column":48},"end":{"line":15,"column":1}},"line":3}},"branchMap":{"0":{"loc":{"start":{"line":5,"column":2},"end":{"line":5,"column":46}},"type":"if","locations":[{"start":{"line":5,"column":2},"end":{"line":5,"column":46}},{"start":{},"end":{}}],"line":5}},"s":{"0":2,"1":11,"2":11,"3":2,"4":9,"5":9,"6":9,"7":8,"8":8,"9":1},"f":{"0":11},"b":{"0":[2,9]},"_coverageSchema":"1a1c01bbd47fc00a2c39e90264f33305004495a9","hash":"34121050d7e5834587e8b00ef2ca4e379b2a3485"}
,"/home/amir/T-DEV-600-MAR_7/back/utils/translate.js": {"path":"/home/amir/T-DEV-600-MAR_7/back/utils/translate.js","statementMap":{"0":{"start":{"line":2,"column":14},"end":{"line":2,"column":23}},"1":{"start":{"line":12,"column":29},"end":{"line":37,"column":1}},"2":{"start":{"line":13,"column":2},"end":{"line":13,"column":33}},"3":{"start":{"line":13,"column":21},"end":{"line":13,"column":33}},"4":{"start":{"line":14,"column":2},"end":{"line":14,"column":35}},"5":{"start":{"line":14,"column":23},"end":{"line":14,"column":35}},"6":{"start":{"line":16,"column":19},"end":{"line":16,"column":38}},"7":{"start":{"line":17,"column":2},"end":{"line":17,"column":54}},"8":{"start":{"line":17,"column":27},"end":{"line":17,"column":54}},"9":{"start":{"line":19,"column":2},"end":{"line":36,"column":3}},"10":{"start":{"line":20,"column":16},"end":{"line":25,"column":6}},"11":{"start":{"line":27,"column":4},"end":{"line":27,"column":55}},"12":{"start":{"line":27,"column":17},"end":{"line":27,"column":55}},"13":{"start":{"line":29,"column":17},"end":{"line":29,"column":33}},"14":{"start":{"line":30,"column":23},"end":{"line":30,"column":50}},"15":{"start":{"line":31,"column":4},"end":{"line":31,"column":36}},"16":{"start":{"line":32,"column":4},"end":{"line":32,"column":22}},"17":{"start":{"line":34,"column":4},"end":{"line":34,"column":73}},"18":{"start":{"line":35,"column":4},"end":{"line":35,"column":16}}},"fnMap":{"0":{"name":"(anonymous_0)","decl":{"start":{"line":12,"column":29},"end":{"line":12,"column":30}},"loc":{"start":{"line":12,"column":53},"end":{"line":37,"column":1}},"line":12}},"branchMap":{"0":{"loc":{"start":{"line":13,"column":2},"end":{"line":13,"column":33}},"type":"if","locations":[{"start":{"line":13,"column":2},"end":{"line":13,"column":33}},{"start":{},"end":{}}],"line":13},"1":{"loc":{"start":{"line":14,"column":2},"end":{"line":14,"column":35}},"type":"if","locations":[{"start":{"line":14,"column":2},"end":{"line":14,"column":35}},{"start":{},"end":{}}],"line":14},"2":{"loc":{"start":{"line":17,"column":2},"end":{"line":17,"column":54}},"type":"if","locations":[{"start":{"line":17,"column":2},"end":{"line":17,"column":54}},{"start":{},"end":{}}],"line":17},"3":{"loc":{"start":{"line":27,"column":4},"end":{"line":27,"column":55}},"type":"if","locations":[{"start":{"line":27,"column":4},"end":{"line":27,"column":55}},{"start":{},"end":{}}],"line":27},"4":{"loc":{"start":{"line":30,"column":23},"end":{"line":30,"column":50}},"type":"binary-expr","locations":[{"start":{"line":30,"column":23},"end":{"line":30,"column":42}},{"start":{"line":30,"column":46},"end":{"line":30,"column":50}}],"line":30}},"s":{"0":2,"1":2,"2":9,"3":2,"4":7,"5":1,"6":6,"7":6,"8":1,"9":5,"10":5,"11":4,"12":1,"13":3,"14":3,"15":3,"16":3,"17":2,"18":2},"f":{"0":9},"b":{"0":[2,7],"1":[1,6],"2":[1,5],"3":[1,3],"4":[3,1]},"_coverageSchema":"1a1c01bbd47fc00a2c39e90264f33305004495a9","hash":"e360a350584034fdbc75bdbc33cdef6509c95c86"}
}
