{"/mnt/c/Users/asus/Desktop/T-DEV-600-MAR_7-main/back/Controllers/AuthControllers.js": {"path":"/mnt/c/Users/asus/Desktop/T-DEV-600-MAR_7-main/back/Controllers/AuthControllers.js","statementMap":{"0":{"start":{"line":5,"column":23},"end":{"line":7,"column":1}},"1":{"start":{"line":6,"column":4},"end":{"line":6,"column":55}},"2":{"start":{"line":9,"column":26},"end":{"line":18,"column":1}},"3":{"start":{"line":10,"column":2},"end":{"line":17,"column":3}},"4":{"start":{"line":11,"column":63},"end":{"line":11,"column":71}},"5":{"start":{"line":12,"column":27},"end":{"line":12,"column":58}},"6":{"start":{"line":13,"column":20},"end":{"line":13,"column":97}},"7":{"start":{"line":14,"column":4},"end":{"line":14,"column":67}},"8":{"start":{"line":16,"column":4},"end":{"line":16,"column":16}},"9":{"start":{"line":20,"column":21},"end":{"line":44,"column":1}},"10":{"start":{"line":21,"column":2},"end":{"line":43,"column":3}},"11":{"start":{"line":22,"column":31},"end":{"line":22,"column":39}},"12":{"start":{"line":23,"column":4},"end":{"line":23,"column":89}},"13":{"start":{"line":23,"column":28},"end":{"line":23,"column":89}},"14":{"start":{"line":25,"column":17},"end":{"line":25,"column":49}},"15":{"start":{"line":26,"column":4},"end":{"line":26,"column":82}},"16":{"start":{"line":26,"column":15},"end":{"line":26,"column":82}},"17":{"start":{"line":28,"column":20},"end":{"line":28,"column":65}},"18":{"start":{"line":29,"column":4},"end":{"line":29,"column":85}},"19":{"start":{"line":29,"column":18},"end":{"line":29,"column":85}},"20":{"start":{"line":31,"column":20},"end":{"line":31,"column":98}},"21":{"start":{"line":32,"column":24},"end":{"line":32,"column":95}},"22":{"start":{"line":34,"column":4},"end":{"line":39,"column":7}},"23":{"start":{"line":41,"column":4},"end":{"line":41,"column":25}},"24":{"start":{"line":42,"column":4},"end":{"line":42,"column":56}},"25":{"start":{"line":46,"column":23},"end":{"line":54,"column":1}},"26":{"start":{"line":47,"column":2},"end":{"line":53,"column":3}},"27":{"start":{"line":48,"column":17},"end":{"line":48,"column":54}},"28":{"start":{"line":49,"column":4},"end":{"line":49,"column":65}},"29":{"start":{"line":49,"column":15},"end":{"line":49,"column":65}},"30":{"start":{"line":50,"column":4},"end":{"line":50,"column":64}},"31":{"start":{"line":52,"column":4},"end":{"line":52,"column":16}}},"fnMap":{"0":{"name":"(anonymous_0)","decl":{"start":{"line":5,"column":23},"end":{"line":5,"column":24}},"loc":{"start":{"line":5,"column":62},"end":{"line":7,"column":1}},"line":5},"1":{"name":"(anonymous_1)","decl":{"start":{"line":9,"column":26},"end":{"line":9,"column":27}},"loc":{"start":{"line":9,"column":52},"end":{"line":18,"column":1}},"line":9},"2":{"name":"(anonymous_2)","decl":{"start":{"line":20,"column":21},"end":{"line":20,"column":22}},"loc":{"start":{"line":20,"column":41},"end":{"line":44,"column":1}},"line":20},"3":{"name":"(anonymous_3)","decl":{"start":{"line":46,"column":23},"end":{"line":46,"column":24}},"loc":{"start":{"line":46,"column":49},"end":{"line":54,"column":1}},"line":46}},"branchMap":{"0":{"loc":{"start":{"line":5,"column":46},"end":{"line":5,"column":57}},"type":"default-arg","locations":[{"start":{"line":5,"column":53},"end":{"line":5,"column":57}}],"line":5},"1":{"loc":{"start":{"line":23,"column":4},"end":{"line":23,"column":89}},"type":"if","locations":[{"start":{"line":23,"column":4},"end":{"line":23,"column":89}},{"start":{},"end":{}}],"line":23},"2":{"loc":{"start":{"line":23,"column":8},"end":{"line":23,"column":26}},"type":"binary-expr","locations":[{"start":{"line":23,"column":8},"end":{"line":23,"column":13}},{"start":{"line":23,"column":17},"end":{"line":23,"column":26}}],"line":23},"3":{"loc":{"start":{"line":26,"column":4},"end":{"line":26,"column":82}},"type":"if","locations":[{"start":{"line":26,"column":4},"end":{"line":26,"column":82}},{"start":{},"end":{}}],"line":26},"4":{"loc":{"start":{"line":29,"column":4},"end":{"line":29,"column":85}},"type":"if","locations":[{"start":{"line":29,"column":4},"end":{"line":29,"column":85}},{"start":{},"end":{}}],"line":29},"5":{"loc":{"start":{"line":49,"column":4},"end":{"line":49,"column":65}},"type":"if","locations":[{"start":{"line":49,"column":4},"end":{"line":49,"column":65}},{"start":{},"end":{}}],"line":49}},"s":{"0":1,"1":3,"2":1,"3":2,"4":2,"5":2,"6":2,"7":1,"8":1,"9":1,"10":6,"11":6,"12":6,"13":2,"14":4,"15":3,"16":1,"17":2,"18":2,"19":1,"20":1,"21":1,"22":1,"23":1,"24":1,"25":1,"26":2,"27":2,"28":2,"29":1,"30":1,"31":0},"f":{"0":3,"1":2,"2":6,"3":2},"b":{"0":[1],"1":[2,4],"2":[6,5],"3":[1,2],"4":[1,1],"5":[1,1]},"_coverageSchema":"1a1c01bbd47fc00a2c39e90264f33305004495a9","hash":"86aa43f258e818ea60a42b5fe9c1b4868d3ba74b"}
,"/mnt/c/Users/asus/Desktop/T-DEV-600-MAR_7-main/back/Controllers/MessageControllers.js": {"path":"/mnt/c/Users/asus/Desktop/T-DEV-600-MAR_7-main/back/Controllers/MessageControllers.js","statementMap":{"0":{"start":{"line":9,"column":29},"end":{"line":15,"column":1}},"1":{"start":{"line":10,"column":2},"end":{"line":14,"column":34}},"2":{"start":{"line":11,"column":35},"end":{"line":11,"column":43}},"3":{"start":{"line":12,"column":23},"end":{"line":12,"column":82}},"4":{"start":{"line":13,"column":4},"end":{"line":13,"column":84}},"5":{"start":{"line":14,"column":20},"end":{"line":14,"column":32}},"6":{"start":{"line":17,"column":36},"end":{"line":22,"column":1}},"7":{"start":{"line":18,"column":2},"end":{"line":21,"column":34}},"8":{"start":{"line":19,"column":21},"end":{"line":19,"column":76}},"9":{"start":{"line":20,"column":4},"end":{"line":20,"column":88}},"10":{"start":{"line":21,"column":20},"end":{"line":21,"column":32}},"11":{"start":{"line":24,"column":29},"end":{"line":29,"column":1}},"12":{"start":{"line":25,"column":2},"end":{"line":28,"column":34}},"13":{"start":{"line":26,"column":4},"end":{"line":26,"column":53}},"14":{"start":{"line":27,"column":4},"end":{"line":27,"column":70}},"15":{"start":{"line":28,"column":20},"end":{"line":28,"column":32}},"16":{"start":{"line":31,"column":27},"end":{"line":42,"column":1}},"17":{"start":{"line":32,"column":2},"end":{"line":41,"column":3}},"18":{"start":{"line":33,"column":24},"end":{"line":33,"column":32}},"19":{"start":{"line":34,"column":4},"end":{"line":34,"column":83}},"20":{"start":{"line":34,"column":26},"end":{"line":34,"column":83}},"21":{"start":{"line":35,"column":20},"end":{"line":35,"column":95}},"22":{"start":{"line":36,"column":4},"end":{"line":36,"column":72}},"23":{"start":{"line":38,"column":4},"end":{"line":38,"column":98}},"24":{"start":{"line":38,"column":42},"end":{"line":38,"column":98}},"25":{"start":{"line":39,"column":4},"end":{"line":39,"column":104}},"26":{"start":{"line":39,"column":48},"end":{"line":39,"column":104}},"27":{"start":{"line":40,"column":4},"end":{"line":40,"column":16}},"28":{"start":{"line":44,"column":30},"end":{"line":54,"column":1}},"29":{"start":{"line":45,"column":2},"end":{"line":53,"column":3}},"30":{"start":{"line":46,"column":22},"end":{"line":46,"column":30}},"31":{"start":{"line":47,"column":4},"end":{"line":47,"column":73}},"32":{"start":{"line":47,"column":16},"end":{"line":47,"column":73}},"33":{"start":{"line":48,"column":20},"end":{"line":48,"column":89}},"34":{"start":{"line":49,"column":4},"end":{"line":49,"column":87}},"35":{"start":{"line":51,"column":4},"end":{"line":51,"column":104}},"36":{"start":{"line":51,"column":48},"end":{"line":51,"column":104}},"37":{"start":{"line":52,"column":4},"end":{"line":52,"column":16}}},"fnMap":{"0":{"name":"(anonymous_0)","decl":{"start":{"line":9,"column":29},"end":{"line":9,"column":30}},"loc":{"start":{"line":9,"column":55},"end":{"line":15,"column":1}},"line":9},"1":{"name":"(anonymous_1)","decl":{"start":{"line":17,"column":36},"end":{"line":17,"column":37}},"loc":{"start":{"line":17,"column":62},"end":{"line":22,"column":1}},"line":17},"2":{"name":"(anonymous_2)","decl":{"start":{"line":24,"column":29},"end":{"line":24,"column":30}},"loc":{"start":{"line":24,"column":55},"end":{"line":29,"column":1}},"line":24},"3":{"name":"(anonymous_3)","decl":{"start":{"line":31,"column":27},"end":{"line":31,"column":28}},"loc":{"start":{"line":31,"column":53},"end":{"line":42,"column":1}},"line":31},"4":{"name":"(anonymous_4)","decl":{"start":{"line":44,"column":30},"end":{"line":44,"column":31}},"loc":{"start":{"line":44,"column":56},"end":{"line":54,"column":1}},"line":44}},"branchMap":{"0":{"loc":{"start":{"line":34,"column":4},"end":{"line":34,"column":83}},"type":"if","locations":[{"start":{"line":34,"column":4},"end":{"line":34,"column":83}},{"start":{},"end":{}}],"line":34},"1":{"loc":{"start":{"line":38,"column":4},"end":{"line":38,"column":98}},"type":"if","locations":[{"start":{"line":38,"column":4},"end":{"line":38,"column":98}},{"start":{},"end":{}}],"line":38},"2":{"loc":{"start":{"line":39,"column":4},"end":{"line":39,"column":104}},"type":"if","locations":[{"start":{"line":39,"column":4},"end":{"line":39,"column":104}},{"start":{},"end":{}}],"line":39},"3":{"loc":{"start":{"line":47,"column":4},"end":{"line":47,"column":73}},"type":"if","locations":[{"start":{"line":47,"column":4},"end":{"line":47,"column":73}},{"start":{},"end":{}}],"line":47},"4":{"loc":{"start":{"line":51,"column":4},"end":{"line":51,"column":104}},"type":"if","locations":[{"start":{"line":51,"column":4},"end":{"line":51,"column":104}},{"start":{},"end":{}}],"line":51}},"s":{"0":1,"1":2,"2":2,"3":2,"4":1,"5":1,"6":1,"7":2,"8":2,"9":1,"10":1,"11":1,"12":2,"13":2,"14":1,"15":1,"16":1,"17":4,"18":4,"19":4,"20":1,"21":3,"22":1,"23":2,"24":1,"25":1,"26":1,"27":0,"28":1,"29":3,"30":3,"31":3,"32":1,"33":2,"34":1,"35":1,"36":1,"37":0},"f":{"0":2,"1":2,"2":2,"3":4,"4":3},"b":{"0":[1,3],"1":[1,1],"2":[1,0],"3":[1,2],"4":[1,0]},"_coverageSchema":"1a1c01bbd47fc00a2c39e90264f33305004495a9","hash":"b7457f0a589102d4969627e9e22aaf2af57e7372"}
,"/mnt/c/Users/asus/Desktop/T-DEV-600-MAR_7-main/back/Controllers/ServerControllers.js": {"path":"/mnt/c/Users/asus/Desktop/T-DEV-600-MAR_7-main/back/Controllers/ServerControllers.js","statementMap":{"0":{"start":{"line":22,"column":23},"end":{"line":24,"column":1}},"1":{"start":{"line":23,"column":2},"end":{"line":23,"column":53}},"2":{"start":{"line":26,"column":33},"end":{"line":37,"column":1}},"3":{"start":{"line":27,"column":19},"end":{"line":27,"column":65}},"4":{"start":{"line":28,"column":21},"end":{"line":28,"column":52}},"5":{"start":{"line":28,"column":39},"end":{"line":28,"column":51}},"6":{"start":{"line":29,"column":18},"end":{"line":29,"column":41}},"7":{"start":{"line":30,"column":2},"end":{"line":36,"column":3}},"8":{"start":{"line":31,"column":4},"end":{"line":35,"column":5}},"9":{"start":{"line":32,"column":6},"end":{"line":32,"column":67}},"10":{"start":{"line":32,"column":42},"end":{"line":32,"column":67}},"11":{"start":{"line":33,"column":6},"end":{"line":33,"column":46}},"12":{"start":{"line":34,"column":6},"end":{"line":34,"column":25}},"13":{"start":{"line":39,"column":28},"end":{"line":44,"column":1}},"14":{"start":{"line":40,"column":2},"end":{"line":43,"column":34}},"15":{"start":{"line":41,"column":23},"end":{"line":41,"column":50}},"16":{"start":{"line":42,"column":4},"end":{"line":42,"column":73}},"17":{"start":{"line":43,"column":20},"end":{"line":43,"column":32}},"18":{"start":{"line":46,"column":40},"end":{"line":58,"column":1}},"19":{"start":{"line":47,"column":2},"end":{"line":57,"column":34}},"20":{"start":{"line":48,"column":27},"end":{"line":48,"column":35}},"21":{"start":{"line":49,"column":19},"end":{"line":49,"column":31}},"22":{"start":{"line":50,"column":19},"end":{"line":50,"column":65}},"23":{"start":{"line":51,"column":4},"end":{"line":51,"column":69}},"24":{"start":{"line":51,"column":17},"end":{"line":51,"column":69}},"25":{"start":{"line":52,"column":21},"end":{"line":52,"column":75}},"26":{"start":{"line":53,"column":4},"end":{"line":53,"column":85}},"27":{"start":{"line":53,"column":18},"end":{"line":53,"column":85}},"28":{"start":{"line":54,"column":18},"end":{"line":54,"column":65}},"29":{"start":{"line":55,"column":4},"end":{"line":55,"column":108}},"30":{"start":{"line":55,"column":16},"end":{"line":55,"column":108}},"31":{"start":{"line":56,"column":4},"end":{"line":56,"column":91}},"32":{"start":{"line":57,"column":20},"end":{"line":57,"column":32}},"33":{"start":{"line":60,"column":37},"end":{"line":67,"column":1}},"34":{"start":{"line":61,"column":2},"end":{"line":66,"column":34}},"35":{"start":{"line":62,"column":19},"end":{"line":62,"column":31}},"36":{"start":{"line":63,"column":4},"end":{"line":63,"column":65}},"37":{"start":{"line":63,"column":17},"end":{"line":63,"column":65}},"38":{"start":{"line":64,"column":20},"end":{"line":64,"column":62}},"39":{"start":{"line":65,"column":4},"end":{"line":65,"column":70}},"40":{"start":{"line":66,"column":20},"end":{"line":66,"column":32}},"41":{"start":{"line":69,"column":35},"end":{"line":76,"column":1}},"42":{"start":{"line":70,"column":2},"end":{"line":75,"column":34}},"43":{"start":{"line":71,"column":19},"end":{"line":71,"column":29}},"44":{"start":{"line":72,"column":19},"end":{"line":72,"column":49}},"45":{"start":{"line":73,"column":4},"end":{"line":73,"column":69}},"46":{"start":{"line":73,"column":17},"end":{"line":73,"column":69}},"47":{"start":{"line":74,"column":4},"end":{"line":74,"column":100}},"48":{"start":{"line":75,"column":20},"end":{"line":75,"column":32}},"49":{"start":{"line":78,"column":25},"end":{"line":84,"column":1}},"50":{"start":{"line":79,"column":2},"end":{"line":83,"column":34}},"51":{"start":{"line":80,"column":19},"end":{"line":80,"column":60}},"52":{"start":{"line":81,"column":4},"end":{"line":81,"column":69}},"53":{"start":{"line":81,"column":17},"end":{"line":81,"column":69}},"54":{"start":{"line":82,"column":4},"end":{"line":82,"column":68}},"55":{"start":{"line":83,"column":20},"end":{"line":83,"column":32}},"56":{"start":{"line":86,"column":35},"end":{"line":93,"column":1}},"57":{"start":{"line":87,"column":2},"end":{"line":92,"column":34}},"58":{"start":{"line":88,"column":25},"end":{"line":88,"column":35}},"59":{"start":{"line":89,"column":18},"end":{"line":89,"column":60}},"60":{"start":{"line":90,"column":4},"end":{"line":90,"column":68}},"61":{"start":{"line":90,"column":16},"end":{"line":90,"column":68}},"62":{"start":{"line":91,"column":4},"end":{"line":91,"column":66}},"63":{"start":{"line":92,"column":20},"end":{"line":92,"column":32}},"64":{"start":{"line":95,"column":39},"end":{"line":101,"column":1}},"65":{"start":{"line":96,"column":2},"end":{"line":100,"column":34}},"66":{"start":{"line":97,"column":25},"end":{"line":97,"column":35}},"67":{"start":{"line":98,"column":24},"end":{"line":98,"column":70}},"68":{"start":{"line":99,"column":4},"end":{"line":99,"column":75}},"69":{"start":{"line":100,"column":20},"end":{"line":100,"column":32}},"70":{"start":{"line":103,"column":36},"end":{"line":111,"column":1}},"71":{"start":{"line":104,"column":2},"end":{"line":110,"column":34}},"72":{"start":{"line":105,"column":25},"end":{"line":105,"column":35}},"73":{"start":{"line":106,"column":19},"end":{"line":106,"column":30}},"74":{"start":{"line":107,"column":25},"end":{"line":107,"column":76}},"75":{"start":{"line":108,"column":4},"end":{"line":108,"column":88}},"76":{"start":{"line":108,"column":23},"end":{"line":108,"column":88}},"77":{"start":{"line":109,"column":4},"end":{"line":109,"column":70}},"78":{"start":{"line":110,"column":20},"end":{"line":110,"column":32}},"79":{"start":{"line":113,"column":32},"end":{"line":120,"column":1}},"80":{"start":{"line":114,"column":2},"end":{"line":119,"column":34}},"81":{"start":{"line":115,"column":25},"end":{"line":115,"column":35}},"82":{"start":{"line":116,"column":26},"end":{"line":116,"column":65}},"83":{"start":{"line":117,"column":4},"end":{"line":117,"column":80}},"84":{"start":{"line":117,"column":24},"end":{"line":117,"column":80}},"85":{"start":{"line":118,"column":4},"end":{"line":118,"column":60}},"86":{"start":{"line":119,"column":20},"end":{"line":119,"column":32}},"87":{"start":{"line":122,"column":28},"end":{"line":130,"column":1}},"88":{"start":{"line":123,"column":2},"end":{"line":129,"column":34}},"89":{"start":{"line":124,"column":21},"end":{"line":124,"column":29}},"90":{"start":{"line":125,"column":20},"end":{"line":125,"column":31}},"91":{"start":{"line":126,"column":23},"end":{"line":126,"column":53}},"92":{"start":{"line":127,"column":22},"end":{"line":127,"column":74}},"93":{"start":{"line":128,"column":4},"end":{"line":128,"column":71}},"94":{"start":{"line":129,"column":20},"end":{"line":129,"column":32}},"95":{"start":{"line":132,"column":39},"end":{"line":140,"column":1}},"96":{"start":{"line":133,"column":2},"end":{"line":139,"column":34}},"97":{"start":{"line":134,"column":25},"end":{"line":134,"column":35}},"98":{"start":{"line":135,"column":21},"end":{"line":135,"column":29}},"99":{"start":{"line":136,"column":27},"end":{"line":136,"column":79}},"100":{"start":{"line":137,"column":4},"end":{"line":137,"column":88}},"101":{"start":{"line":137,"column":25},"end":{"line":137,"column":88}},"102":{"start":{"line":138,"column":4},"end":{"line":138,"column":77}},"103":{"start":{"line":139,"column":20},"end":{"line":139,"column":32}},"104":{"start":{"line":142,"column":24},"end":{"line":159,"column":1}},"105":{"start":{"line":143,"column":2},"end":{"line":158,"column":34}},"106":{"start":{"line":144,"column":33},"end":{"line":144,"column":43}},"107":{"start":{"line":145,"column":25},"end":{"line":145,"column":33}},"108":{"start":{"line":146,"column":4},"end":{"line":147,"column":67}},"109":{"start":{"line":147,"column":6},"end":{"line":147,"column":67}},"110":{"start":{"line":148,"column":22},"end":{"line":148,"column":71}},"111":{"start":{"line":149,"column":15},"end":{"line":149,"column":32}},"112":{"start":{"line":150,"column":4},"end":{"line":156,"column":5}},"113":{"start":{"line":151,"column":22},"end":{"line":151,"column":45}},"114":{"start":{"line":152,"column":6},"end":{"line":155,"column":7}},"115":{"start":{"line":153,"column":8},"end":{"line":154,"column":58}},"116":{"start":{"line":154,"column":10},"end":{"line":154,"column":58}},"117":{"start":{"line":157,"column":4},"end":{"line":157,"column":58}},"118":{"start":{"line":158,"column":20},"end":{"line":158,"column":32}},"119":{"start":{"line":161,"column":26},"end":{"line":167,"column":1}},"120":{"start":{"line":162,"column":2},"end":{"line":166,"column":34}},"121":{"start":{"line":163,"column":33},"end":{"line":163,"column":43}},"122":{"start":{"line":164,"column":4},"end":{"line":164,"column":46}},"123":{"start":{"line":165,"column":4},"end":{"line":165,"column":45}},"124":{"start":{"line":166,"column":20},"end":{"line":166,"column":32}},"125":{"start":{"line":169,"column":29},"end":{"line":176,"column":1}},"126":{"start":{"line":170,"column":2},"end":{"line":175,"column":34}},"127":{"start":{"line":171,"column":25},"end":{"line":171,"column":35}},"128":{"start":{"line":172,"column":19},"end":{"line":172,"column":30}},"129":{"start":{"line":173,"column":19},"end":{"line":173,"column":61}},"130":{"start":{"line":174,"column":4},"end":{"line":174,"column":52}},"131":{"start":{"line":175,"column":20},"end":{"line":175,"column":32}},"132":{"start":{"line":178,"column":28},"end":{"line":186,"column":1}},"133":{"start":{"line":179,"column":2},"end":{"line":185,"column":34}},"134":{"start":{"line":180,"column":25},"end":{"line":180,"column":35}},"135":{"start":{"line":181,"column":21},"end":{"line":181,"column":29}},"136":{"start":{"line":182,"column":26},"end":{"line":182,"column":67}},"137":{"start":{"line":183,"column":4},"end":{"line":183,"column":80}},"138":{"start":{"line":183,"column":24},"end":{"line":183,"column":80}},"139":{"start":{"line":184,"column":4},"end":{"line":184,"column":75}},"140":{"start":{"line":185,"column":20},"end":{"line":185,"column":32}},"141":{"start":{"line":188,"column":32},"end":{"line":197,"column":1}},"142":{"start":{"line":189,"column":2},"end":{"line":196,"column":34}},"143":{"start":{"line":190,"column":33},"end":{"line":190,"column":43}},"144":{"start":{"line":191,"column":21},"end":{"line":191,"column":29}},"145":{"start":{"line":192,"column":4},"end":{"line":192,"column":67}},"146":{"start":{"line":192,"column":15},"end":{"line":192,"column":67}},"147":{"start":{"line":193,"column":26},"end":{"line":193,"column":79}},"148":{"start":{"line":194,"column":4},"end":{"line":194,"column":91}},"149":{"start":{"line":194,"column":24},"end":{"line":194,"column":91}},"150":{"start":{"line":195,"column":4},"end":{"line":195,"column":82}},"151":{"start":{"line":196,"column":20},"end":{"line":196,"column":32}},"152":{"start":{"line":199,"column":34},"end":{"line":214,"column":1}},"153":{"start":{"line":200,"column":2},"end":{"line":213,"column":34}},"154":{"start":{"line":201,"column":33},"end":{"line":201,"column":43}},"155":{"start":{"line":202,"column":26},"end":{"line":202,"column":38}},"156":{"start":{"line":203,"column":23},"end":{"line":203,"column":73}},"157":{"start":{"line":204,"column":4},"end":{"line":204,"column":86}},"158":{"start":{"line":204,"column":21},"end":{"line":204,"column":86}},"159":{"start":{"line":205,"column":4},"end":{"line":205,"column":94}},"160":{"start":{"line":205,"column":37},"end":{"line":205,"column":94}},"161":{"start":{"line":206,"column":4},"end":{"line":207,"column":74}},"162":{"start":{"line":207,"column":6},"end":{"line":207,"column":74}},"163":{"start":{"line":208,"column":20},"end":{"line":208,"column":71}},"164":{"start":{"line":209,"column":4},"end":{"line":209,"column":83}},"165":{"start":{"line":209,"column":18},"end":{"line":209,"column":83}},"166":{"start":{"line":210,"column":15},"end":{"line":210,"column":32}},"167":{"start":{"line":211,"column":4},"end":{"line":211,"column":82}},"168":{"start":{"line":211,"column":12},"end":{"line":211,"column":82}},"169":{"start":{"line":212,"column":4},"end":{"line":212,"column":56}},"170":{"start":{"line":213,"column":20},"end":{"line":213,"column":32}},"171":{"start":{"line":216,"column":33},"end":{"line":238,"column":1}},"172":{"start":{"line":217,"column":2},"end":{"line":237,"column":34}},"173":{"start":{"line":218,"column":33},"end":{"line":218,"column":43}},"174":{"start":{"line":219,"column":34},"end":{"line":219,"column":42}},"175":{"start":{"line":220,"column":26},"end":{"line":220,"column":38}},"176":{"start":{"line":221,"column":26},"end":{"line":221,"column":79}},"177":{"start":{"line":222,"column":4},"end":{"line":222,"column":98}},"178":{"start":{"line":222,"column":23},"end":{"line":222,"column":98}},"179":{"start":{"line":223,"column":23},"end":{"line":223,"column":73}},"180":{"start":{"line":224,"column":4},"end":{"line":229,"column":5}},"181":{"start":{"line":225,"column":6},"end":{"line":225,"column":95}},"182":{"start":{"line":225,"column":39},"end":{"line":225,"column":95}},"183":{"start":{"line":226,"column":6},"end":{"line":227,"column":75}},"184":{"start":{"line":227,"column":8},"end":{"line":227,"column":75}},"185":{"start":{"line":228,"column":6},"end":{"line":228,"column":58}},"186":{"start":{"line":230,"column":19},"end":{"line":230,"column":102}},"187":{"start":{"line":231,"column":4},"end":{"line":231,"column":71}},"188":{"start":{"line":231,"column":17},"end":{"line":231,"column":71}},"189":{"start":{"line":232,"column":4},"end":{"line":235,"column":5}},"190":{"start":{"line":233,"column":17},"end":{"line":233,"column":34}},"191":{"start":{"line":234,"column":6},"end":{"line":234,"column":84}},"192":{"start":{"line":234,"column":14},"end":{"line":234,"column":84}},"193":{"start":{"line":236,"column":4},"end":{"line":236,"column":56}},"194":{"start":{"line":237,"column":20},"end":{"line":237,"column":32}}},"fnMap":{"0":{"name":"(anonymous_0)","decl":{"start":{"line":22,"column":23},"end":{"line":22,"column":24}},"loc":{"start":{"line":22,"column":62},"end":{"line":24,"column":1}},"line":22},"1":{"name":"(anonymous_1)","decl":{"start":{"line":26,"column":33},"end":{"line":26,"column":34}},"loc":{"start":{"line":26,"column":76},"end":{"line":37,"column":1}},"line":26},"2":{"name":"(anonymous_2)","decl":{"start":{"line":28,"column":34},"end":{"line":28,"column":35}},"loc":{"start":{"line":28,"column":39},"end":{"line":28,"column":51}},"line":28},"3":{"name":"(anonymous_3)","decl":{"start":{"line":39,"column":28},"end":{"line":39,"column":29}},"loc":{"start":{"line":39,"column":55},"end":{"line":44,"column":1}},"line":39},"4":{"name":"(anonymous_4)","decl":{"start":{"line":46,"column":40},"end":{"line":46,"column":41}},"loc":{"start":{"line":46,"column":66},"end":{"line":58,"column":1}},"line":46},"5":{"name":"(anonymous_5)","decl":{"start":{"line":60,"column":37},"end":{"line":60,"column":38}},"loc":{"start":{"line":60,"column":63},"end":{"line":67,"column":1}},"line":60},"6":{"name":"(anonymous_6)","decl":{"start":{"line":69,"column":35},"end":{"line":69,"column":36}},"loc":{"start":{"line":69,"column":61},"end":{"line":76,"column":1}},"line":69},"7":{"name":"(anonymous_7)","decl":{"start":{"line":78,"column":25},"end":{"line":78,"column":26}},"loc":{"start":{"line":78,"column":51},"end":{"line":84,"column":1}},"line":78},"8":{"name":"(anonymous_8)","decl":{"start":{"line":86,"column":35},"end":{"line":86,"column":36}},"loc":{"start":{"line":86,"column":61},"end":{"line":93,"column":1}},"line":86},"9":{"name":"(anonymous_9)","decl":{"start":{"line":95,"column":39},"end":{"line":95,"column":40}},"loc":{"start":{"line":95,"column":65},"end":{"line":101,"column":1}},"line":95},"10":{"name":"(anonymous_10)","decl":{"start":{"line":103,"column":36},"end":{"line":103,"column":37}},"loc":{"start":{"line":103,"column":62},"end":{"line":111,"column":1}},"line":103},"11":{"name":"(anonymous_11)","decl":{"start":{"line":113,"column":32},"end":{"line":113,"column":33}},"loc":{"start":{"line":113,"column":58},"end":{"line":120,"column":1}},"line":113},"12":{"name":"(anonymous_12)","decl":{"start":{"line":122,"column":28},"end":{"line":122,"column":29}},"loc":{"start":{"line":122,"column":54},"end":{"line":130,"column":1}},"line":122},"13":{"name":"(anonymous_13)","decl":{"start":{"line":132,"column":39},"end":{"line":132,"column":40}},"loc":{"start":{"line":132,"column":65},"end":{"line":140,"column":1}},"line":132},"14":{"name":"(anonymous_14)","decl":{"start":{"line":142,"column":24},"end":{"line":142,"column":25}},"loc":{"start":{"line":142,"column":50},"end":{"line":159,"column":1}},"line":142},"15":{"name":"(anonymous_15)","decl":{"start":{"line":161,"column":26},"end":{"line":161,"column":27}},"loc":{"start":{"line":161,"column":52},"end":{"line":167,"column":1}},"line":161},"16":{"name":"(anonymous_16)","decl":{"start":{"line":169,"column":29},"end":{"line":169,"column":30}},"loc":{"start":{"line":169,"column":55},"end":{"line":176,"column":1}},"line":169},"17":{"name":"(anonymous_17)","decl":{"start":{"line":178,"column":28},"end":{"line":178,"column":29}},"loc":{"start":{"line":178,"column":54},"end":{"line":186,"column":1}},"line":178},"18":{"name":"(anonymous_18)","decl":{"start":{"line":188,"column":32},"end":{"line":188,"column":33}},"loc":{"start":{"line":188,"column":58},"end":{"line":197,"column":1}},"line":188},"19":{"name":"(anonymous_19)","decl":{"start":{"line":199,"column":34},"end":{"line":199,"column":35}},"loc":{"start":{"line":199,"column":60},"end":{"line":214,"column":1}},"line":199},"20":{"name":"(anonymous_20)","decl":{"start":{"line":216,"column":33},"end":{"line":216,"column":34}},"loc":{"start":{"line":216,"column":59},"end":{"line":238,"column":1}},"line":216}},"branchMap":{"0":{"loc":{"start":{"line":22,"column":46},"end":{"line":22,"column":57}},"type":"default-arg","locations":[{"start":{"line":22,"column":53},"end":{"line":22,"column":57}}],"line":22},"1":{"loc":{"start":{"line":31,"column":4},"end":{"line":35,"column":5}},"type":"if","locations":[{"start":{"line":31,"column":4},"end":{"line":35,"column":5}},{"start":{},"end":{}}],"line":31},"2":{"loc":{"start":{"line":51,"column":4},"end":{"line":51,"column":69}},"type":"if","locations":[{"start":{"line":51,"column":4},"end":{"line":51,"column":69}},{"start":{},"end":{}}],"line":51},"3":{"loc":{"start":{"line":53,"column":4},"end":{"line":53,"column":85}},"type":"if","locations":[{"start":{"line":53,"column":4},"end":{"line":53,"column":85}},{"start":{},"end":{}}],"line":53},"4":{"loc":{"start":{"line":55,"column":4},"end":{"line":55,"column":108}},"type":"if","locations":[{"start":{"line":55,"column":4},"end":{"line":55,"column":108}},{"start":{},"end":{}}],"line":55},"5":{"loc":{"start":{"line":63,"column":4},"end":{"line":63,"column":65}},"type":"if","locations":[{"start":{"line":63,"column":4},"end":{"line":63,"column":65}},{"start":{},"end":{}}],"line":63},"6":{"loc":{"start":{"line":73,"column":4},"end":{"line":73,"column":69}},"type":"if","locations":[{"start":{"line":73,"column":4},"end":{"line":73,"column":69}},{"start":{},"end":{}}],"line":73},"7":{"loc":{"start":{"line":81,"column":4},"end":{"line":81,"column":69}},"type":"if","locations":[{"start":{"line":81,"column":4},"end":{"line":81,"column":69}},{"start":{},"end":{}}],"line":81},"8":{"loc":{"start":{"line":90,"column":4},"end":{"line":90,"column":68}},"type":"if","locations":[{"start":{"line":90,"column":4},"end":{"line":90,"column":68}},{"start":{},"end":{}}],"line":90},"9":{"loc":{"start":{"line":108,"column":4},"end":{"line":108,"column":88}},"type":"if","locations":[{"start":{"line":108,"column":4},"end":{"line":108,"column":88}},{"start":{},"end":{}}],"line":108},"10":{"loc":{"start":{"line":117,"column":4},"end":{"line":117,"column":80}},"type":"if","locations":[{"start":{"line":117,"column":4},"end":{"line":117,"column":80}},{"start":{},"end":{}}],"line":117},"11":{"loc":{"start":{"line":137,"column":4},"end":{"line":137,"column":88}},"type":"if","locations":[{"start":{"line":137,"column":4},"end":{"line":137,"column":88}},{"start":{},"end":{}}],"line":137},"12":{"loc":{"start":{"line":146,"column":4},"end":{"line":147,"column":67}},"type":"if","locations":[{"start":{"line":146,"column":4},"end":{"line":147,"column":67}},{"start":{},"end":{}}],"line":146},"13":{"loc":{"start":{"line":146,"column":8},"end":{"line":146,"column":66}},"type":"binary-expr","locations":[{"start":{"line":146,"column":8},"end":{"line":146,"column":17}},{"start":{"line":146,"column":21},"end":{"line":146,"column":49}},{"start":{"line":146,"column":53},"end":{"line":146,"column":66}}],"line":146},"14":{"loc":{"start":{"line":150,"column":4},"end":{"line":156,"column":5}},"type":"if","locations":[{"start":{"line":150,"column":4},"end":{"line":156,"column":5}},{"start":{},"end":{}}],"line":150},"15":{"loc":{"start":{"line":153,"column":8},"end":{"line":154,"column":58}},"type":"if","locations":[{"start":{"line":153,"column":8},"end":{"line":154,"column":58}},{"start":{},"end":{}}],"line":153},"16":{"loc":{"start":{"line":183,"column":4},"end":{"line":183,"column":80}},"type":"if","locations":[{"start":{"line":183,"column":4},"end":{"line":183,"column":80}},{"start":{},"end":{}}],"line":183},"17":{"loc":{"start":{"line":192,"column":4},"end":{"line":192,"column":67}},"type":"if","locations":[{"start":{"line":192,"column":4},"end":{"line":192,"column":67}},{"start":{},"end":{}}],"line":192},"18":{"loc":{"start":{"line":194,"column":4},"end":{"line":194,"column":91}},"type":"if","locations":[{"start":{"line":194,"column":4},"end":{"line":194,"column":91}},{"start":{},"end":{}}],"line":194},"19":{"loc":{"start":{"line":204,"column":4},"end":{"line":204,"column":86}},"type":"if","locations":[{"start":{"line":204,"column":4},"end":{"line":204,"column":86}},{"start":{},"end":{}}],"line":204},"20":{"loc":{"start":{"line":205,"column":4},"end":{"line":205,"column":94}},"type":"if","locations":[{"start":{"line":205,"column":4},"end":{"line":205,"column":94}},{"start":{},"end":{}}],"line":205},"21":{"loc":{"start":{"line":206,"column":4},"end":{"line":207,"column":74}},"type":"if","locations":[{"start":{"line":206,"column":4},"end":{"line":207,"column":74}},{"start":{},"end":{}}],"line":206},"22":{"loc":{"start":{"line":206,"column":8},"end":{"line":206,"column":64}},"type":"binary-expr","locations":[{"start":{"line":206,"column":8},"end":{"line":206,"column":35}},{"start":{"line":206,"column":39},"end":{"line":206,"column":64}}],"line":206},"23":{"loc":{"start":{"line":209,"column":4},"end":{"line":209,"column":83}},"type":"if","locations":[{"start":{"line":209,"column":4},"end":{"line":209,"column":83}},{"start":{},"end":{}}],"line":209},"24":{"loc":{"start":{"line":211,"column":4},"end":{"line":211,"column":82}},"type":"if","locations":[{"start":{"line":211,"column":4},"end":{"line":211,"column":82}},{"start":{},"end":{}}],"line":211},"25":{"loc":{"start":{"line":222,"column":4},"end":{"line":222,"column":98}},"type":"if","locations":[{"start":{"line":222,"column":4},"end":{"line":222,"column":98}},{"start":{},"end":{}}],"line":222},"26":{"loc":{"start":{"line":224,"column":4},"end":{"line":229,"column":5}},"type":"if","locations":[{"start":{"line":224,"column":4},"end":{"line":229,"column":5}},{"start":{},"end":{}}],"line":224},"27":{"loc":{"start":{"line":225,"column":6},"end":{"line":225,"column":95}},"type":"if","locations":[{"start":{"line":225,"column":6},"end":{"line":225,"column":95}},{"start":{},"end":{}}],"line":225},"28":{"loc":{"start":{"line":226,"column":6},"end":{"line":227,"column":75}},"type":"if","locations":[{"start":{"line":226,"column":6},"end":{"line":227,"column":75}},{"start":{},"end":{}}],"line":226},"29":{"loc":{"start":{"line":226,"column":10},"end":{"line":226,"column":66}},"type":"binary-expr","locations":[{"start":{"line":226,"column":10},"end":{"line":226,"column":37}},{"start":{"line":226,"column":41},"end":{"line":226,"column":66}}],"line":226},"30":{"loc":{"start":{"line":230,"column":68},"end":{"line":230,"column":82}},"type":"binary-expr","locations":[{"start":{"line":230,"column":68},"end":{"line":230,"column":74}},{"start":{"line":230,"column":78},"end":{"line":230,"column":82}}],"line":230},"31":{"loc":{"start":{"line":230,"column":84},"end":{"line":230,"column":101}},"type":"binary-expr","locations":[{"start":{"line":230,"column":84},"end":{"line":230,"column":93}},{"start":{"line":230,"column":97},"end":{"line":230,"column":101}}],"line":230},"32":{"loc":{"start":{"line":231,"column":4},"end":{"line":231,"column":71}},"type":"if","locations":[{"start":{"line":231,"column":4},"end":{"line":231,"column":71}},{"start":{},"end":{}}],"line":231},"33":{"loc":{"start":{"line":232,"column":4},"end":{"line":235,"column":5}},"type":"if","locations":[{"start":{"line":232,"column":4},"end":{"line":235,"column":5}},{"start":{},"end":{}}],"line":232},"34":{"loc":{"start":{"line":234,"column":6},"end":{"line":234,"column":84}},"type":"if","locations":[{"start":{"line":234,"column":6},"end":{"line":234,"column":84}},{"start":{},"end":{}}],"line":234}},"s":{"0":2,"1":39,"2":2,"3":0,"4":0,"5":0,"6":0,"7":0,"8":0,"9":0,"10":0,"11":0,"12":0,"13":2,"14":2,"15":2,"16":1,"17":1,"18":2,"19":4,"20":4,"21":4,"22":4,"23":4,"24":1,"25":3,"26":3,"27":1,"28":2,"29":2,"30":1,"31":1,"32":0,"33":2,"34":2,"35":2,"36":2,"37":1,"38":1,"39":1,"40":0,"41":2,"42":0,"43":0,"44":0,"45":0,"46":0,"47":0,"48":0,"49":2,"50":2,"51":2,"52":2,"53":1,"54":1,"55":0,"56":2,"57":2,"58":2,"59":2,"60":2,"61":1,"62":1,"63":0,"64":2,"65":1,"66":1,"67":1,"68":1,"69":0,"70":2,"71":2,"72":2,"73":2,"74":2,"75":2,"76":1,"77":1,"78":0,"79":2,"80":2,"81":2,"82":2,"83":2,"84":1,"85":1,"86":0,"87":2,"88":2,"89":2,"90":2,"91":2,"92":2,"93":1,"94":1,"95":2,"96":2,"97":2,"98":2,"99":2,"100":2,"101":1,"102":1,"103":0,"104":2,"105":2,"106":2,"107":2,"108":2,"109":1,"110":1,"111":1,"112":1,"113":0,"114":0,"115":0,"116":0,"117":1,"118":0,"119":2,"120":1,"121":1,"122":1,"123":1,"124":0,"125":2,"126":1,"127":1,"128":1,"129":1,"130":1,"131":0,"132":2,"133":2,"134":2,"135":2,"136":2,"137":2,"138":1,"139":1,"140":0,"141":2,"142":2,"143":2,"144":2,"145":2,"146":1,"147":1,"148":1,"149":0,"150":1,"151":0,"152":2,"153":6,"154":6,"155":6,"156":6,"157":6,"158":1,"159":5,"160":1,"161":4,"162":1,"163":3,"164":3,"165":1,"166":2,"167":2,"168":0,"169":2,"170":0,"171":2,"172":6,"173":6,"174":6,"175":6,"176":6,"177":6,"178":1,"179":5,"180":5,"181":3,"182":1,"183":2,"184":1,"185":1,"186":3,"187":3,"188":1,"189":2,"190":1,"191":1,"192":0,"193":2,"194":0},"f":{"0":39,"1":0,"2":0,"3":2,"4":4,"5":2,"6":0,"7":2,"8":2,"9":1,"10":2,"11":2,"12":2,"13":2,"14":2,"15":1,"16":1,"17":2,"18":2,"19":6,"20":6},"b":{"0":[26],"1":[0,0],"2":[1,3],"3":[1,2],"4":[1,1],"5":[1,1],"6":[0,0],"7":[1,1],"8":[1,1],"9":[1,1],"10":[1,1],"11":[1,1],"12":[1,1],"13":[2,2,2],"14":[0,1],"15":[0,0],"16":[1,1],"17":[1,1],"18":[0,1],"19":[1,5],"20":[1,4],"21":[1,3],"22":[4,1],"23":[1,2],"24":[0,2],"25":[1,5],"26":[3,2],"27":[1,2],"28":[1,1],"29":[2,1],"30":[3,2],"31":[3,3],"32":[1,2],"33":[1,1],"34":[0,1]},"_coverageSchema":"1a1c01bbd47fc00a2c39e90264f33305004495a9","hash":"4a98959cbcc0d0f280b3222d7b55e8b22082db89"}
,"/mnt/c/Users/asus/Desktop/T-DEV-600-MAR_7-main/back/Controllers/TranslateControllers.js": {"path":"/mnt/c/Users/asus/Desktop/T-DEV-600-MAR_7-main/back/Controllers/TranslateControllers.js","statementMap":{"0":{"start":{"line":3,"column":18},"end":{"line":3,"column":30}},"1":{"start":{"line":5,"column":32},"end":{"line":21,"column":1}},"2":{"start":{"line":6,"column":2},"end":{"line":20,"column":3}},"3":{"start":{"line":7,"column":29},"end":{"line":7,"column":37}},"4":{"start":{"line":9,"column":4},"end":{"line":11,"column":5}},"5":{"start":{"line":10,"column":6},"end":{"line":10,"column":79}},"6":{"start":{"line":12,"column":4},"end":{"line":14,"column":5}},"7":{"start":{"line":13,"column":6},"end":{"line":13,"column":97}},"8":{"start":{"line":16,"column":23},"end":{"line":16,"column":64}},"9":{"start":{"line":17,"column":4},"end":{"line":17,"column":41}},"10":{"start":{"line":19,"column":4},"end":{"line":19,"column":16}}},"fnMap":{"0":{"name":"(anonymous_0)","decl":{"start":{"line":5,"column":32},"end":{"line":5,"column":33}},"loc":{"start":{"line":5,"column":58},"end":{"line":21,"column":1}},"line":5}},"branchMap":{"0":{"loc":{"start":{"line":9,"column":4},"end":{"line":11,"column":5}},"type":"if","locations":[{"start":{"line":9,"column":4},"end":{"line":11,"column":5}},{"start":{},"end":{}}],"line":9},"1":{"loc":{"start":{"line":9,"column":8},"end":{"line":9,"column":24}},"type":"binary-expr","locations":[{"start":{"line":9,"column":8},"end":{"line":9,"column":13}},{"start":{"line":9,"column":17},"end":{"line":9,"column":24}}],"line":9},"2":{"loc":{"start":{"line":12,"column":4},"end":{"line":14,"column":5}},"type":"if","locations":[{"start":{"line":12,"column":4},"end":{"line":14,"column":5}},{"start":{},"end":{}}],"line":12}},"s":{"0":1,"1":1,"2":5,"3":5,"4":5,"5":2,"6":3,"7":1,"8":2,"9":2,"10":0},"f":{"0":5},"b":{"0":[2,3],"1":[5,4],"2":[1,2]},"_coverageSchema":"1a1c01bbd47fc00a2c39e90264f33305004495a9","hash":"ea2c54d58f7f09d2807bd7f9f1d23ce7e05531b5"}
,"/mnt/c/Users/asus/Desktop/T-DEV-600-MAR_7-main/back/middleware/CheckRole.js": {"path":"/mnt/c/Users/asus/Desktop/T-DEV-600-MAR_7-main/back/middleware/CheckRole.js","statementMap":{"0":{"start":{"line":4,"column":25},"end":{"line":44,"column":1}},"1":{"start":{"line":5,"column":2},"end":{"line":43,"column":4}},"2":{"start":{"line":6,"column":4},"end":{"line":42,"column":32}},"3":{"start":{"line":7,"column":23},"end":{"line":7,"column":42}},"4":{"start":{"line":8,"column":23},"end":{"line":8,"column":34}},"5":{"start":{"line":9,"column":6},"end":{"line":9,"column":83}},"6":{"start":{"line":9,"column":21},"end":{"line":9,"column":83}},"7":{"start":{"line":11,"column":21},"end":{"line":11,"column":71}},"8":{"start":{"line":14,"column":6},"end":{"line":34,"column":7}},"9":{"start":{"line":15,"column":23},"end":{"line":15,"column":94}},"10":{"start":{"line":16,"column":8},"end":{"line":24,"column":9}},"11":{"start":{"line":17,"column":10},"end":{"line":22,"column":12}},"12":{"start":{"line":23,"column":10},"end":{"line":23,"column":39}},"13":{"start":{"line":25,"column":13},"end":{"line":34,"column":7}},"14":{"start":{"line":26,"column":23},"end":{"line":26,"column":94}},"15":{"start":{"line":27,"column":8},"end":{"line":33,"column":9}},"16":{"start":{"line":28,"column":10},"end":{"line":31,"column":12}},"17":{"start":{"line":32,"column":10},"end":{"line":32,"column":39}},"18":{"start":{"line":36,"column":6},"end":{"line":36,"column":101}},"19":{"start":{"line":36,"column":21},"end":{"line":36,"column":101}},"20":{"start":{"line":37,"column":6},"end":{"line":38,"column":96}},"21":{"start":{"line":38,"column":8},"end":{"line":38,"column":96}},"22":{"start":{"line":40,"column":6},"end":{"line":40,"column":35}},"23":{"start":{"line":41,"column":6},"end":{"line":41,"column":13}},"24":{"start":{"line":42,"column":20},"end":{"line":42,"column":30}}},"fnMap":{"0":{"name":"(anonymous_0)","decl":{"start":{"line":4,"column":25},"end":{"line":4,"column":26}},"loc":{"start":{"line":4,"column":50},"end":{"line":44,"column":1}},"line":4},"1":{"name":"(anonymous_1)","decl":{"start":{"line":5,"column":9},"end":{"line":5,"column":10}},"loc":{"start":{"line":5,"column":35},"end":{"line":43,"column":3}},"line":5}},"branchMap":{"0":{"loc":{"start":{"line":4,"column":26},"end":{"line":4,"column":45}},"type":"default-arg","locations":[{"start":{"line":4,"column":43},"end":{"line":4,"column":45}}],"line":4},"1":{"loc":{"start":{"line":9,"column":6},"end":{"line":9,"column":83}},"type":"if","locations":[{"start":{"line":9,"column":6},"end":{"line":9,"column":83}},{"start":{},"end":{}}],"line":9},"2":{"loc":{"start":{"line":14,"column":6},"end":{"line":34,"column":7}},"type":"if","locations":[{"start":{"line":14,"column":6},"end":{"line":34,"column":7}},{"start":{"line":25,"column":13},"end":{"line":34,"column":7}}],"line":14},"3":{"loc":{"start":{"line":14,"column":10},"end":{"line":14,"column":76}},"type":"binary-expr","locations":[{"start":{"line":14,"column":10},"end":{"line":14,"column":19}},{"start":{"line":14,"column":23},"end":{"line":14,"column":76}}],"line":14},"4":{"loc":{"start":{"line":16,"column":8},"end":{"line":24,"column":9}},"type":"if","locations":[{"start":{"line":16,"column":8},"end":{"line":24,"column":9}},{"start":{},"end":{}}],"line":16},"5":{"loc":{"start":{"line":16,"column":12},"end":{"line":16,"column":85}},"type":"binary-expr","locations":[{"start":{"line":16,"column":12},"end":{"line":16,"column":34}},{"start":{"line":16,"column":38},"end":{"line":16,"column":85}}],"line":16},"6":{"loc":{"start":{"line":25,"column":13},"end":{"line":34,"column":7}},"type":"if","locations":[{"start":{"line":25,"column":13},"end":{"line":34,"column":7}},{"start":{},"end":{}}],"line":25},"7":{"loc":{"start":{"line":27,"column":8},"end":{"line":33,"column":9}},"type":"if","locations":[{"start":{"line":27,"column":8},"end":{"line":33,"column":9}},{"start":{},"end":{}}],"line":27},"8":{"loc":{"start":{"line":27,"column":12},"end":{"line":27,"column":85}},"type":"binary-expr","locations":[{"start":{"line":27,"column":12},"end":{"line":27,"column":34}},{"start":{"line":27,"column":38},"end":{"line":27,"column":85}}],"line":27},"9":{"loc":{"start":{"line":36,"column":6},"end":{"line":36,"column":101}},"type":"if","locations":[{"start":{"line":36,"column":6},"end":{"line":36,"column":101}},{"start":{},"end":{}}],"line":36},"10":{"loc":{"start":{"line":37,"column":6},"end":{"line":38,"column":96}},"type":"if","locations":[{"start":{"line":37,"column":6},"end":{"line":38,"column":96}},{"start":{},"end":{}}],"line":37}},"s":{"0":1,"1":8,"2":8,"3":8,"4":8,"5":8,"6":1,"7":7,"8":6,"9":2,"10":2,"11":1,"12":1,"13":4,"14":3,"15":3,"16":1,"17":1,"18":6,"19":1,"20":5,"21":1,"22":4,"23":4,"24":1},"f":{"0":8,"1":8},"b":{"0":[0],"1":[1,7],"2":[2,4],"3":[6,4],"4":[1,1],"5":[2,1],"6":[3,1],"7":[1,2],"8":[3,1],"9":[1,5],"10":[1,4]},"_coverageSchema":"1a1c01bbd47fc00a2c39e90264f33305004495a9","hash":"301e2a559cf20e8609274d4a0e8b1714822fc5e9"}
,"/mnt/c/Users/asus/Desktop/T-DEV-600-MAR_7-main/back/middleware/authentificationJwt.js": {"path":"/mnt/c/Users/asus/Desktop/T-DEV-600-MAR_7-main/back/middleware/authentificationJwt.js","statementMap":{"0":{"start":{"line":3,"column":28},"end":{"line":13,"column":1}},"1":{"start":{"line":4,"column":21},"end":{"line":4,"column":46}},"2":{"start":{"line":5,"column":2},"end":{"line":5,"column":46}},"3":{"start":{"line":5,"column":19},"end":{"line":5,"column":46}},"4":{"start":{"line":6,"column":16},"end":{"line":6,"column":40}},"5":{"start":{"line":7,"column":2},"end":{"line":12,"column":3}},"6":{"start":{"line":8,"column":4},"end":{"line":8,"column":66}},"7":{"start":{"line":9,"column":4},"end":{"line":9,"column":11}},"8":{"start":{"line":11,"column":4},"end":{"line":11,"column":31}}},"fnMap":{"0":{"name":"(anonymous_0)","decl":{"start":{"line":3,"column":28},"end":{"line":3,"column":29}},"loc":{"start":{"line":3,"column":48},"end":{"line":13,"column":1}},"line":3}},"branchMap":{"0":{"loc":{"start":{"line":5,"column":2},"end":{"line":5,"column":46}},"type":"if","locations":[{"start":{"line":5,"column":2},"end":{"line":5,"column":46}},{"start":{},"end":{}}],"line":5}},"s":{"0":2,"1":11,"2":11,"3":2,"4":9,"5":9,"6":9,"7":8,"8":1},"f":{"0":11},"b":{"0":[2,9]},"_coverageSchema":"1a1c01bbd47fc00a2c39e90264f33305004495a9","hash":"b961750e74b6a76f4da0e7c6cc2d46c41d8698af"}
,"/mnt/c/Users/asus/Desktop/T-DEV-600-MAR_7-main/back/utils/translate.js": {"path":"/mnt/c/Users/asus/Desktop/T-DEV-600-MAR_7-main/back/utils/translate.js","statementMap":{"0":{"start":{"line":2,"column":14},"end":{"line":2,"column":23}},"1":{"start":{"line":4,"column":29},"end":{"line":46,"column":1}},"2":{"start":{"line":5,"column":2},"end":{"line":5,"column":33}},"3":{"start":{"line":5,"column":21},"end":{"line":5,"column":33}},"4":{"start":{"line":6,"column":2},"end":{"line":6,"column":35}},"5":{"start":{"line":6,"column":23},"end":{"line":6,"column":35}},"6":{"start":{"line":8,"column":19},"end":{"line":8,"column":38}},"7":{"start":{"line":9,"column":2},"end":{"line":9,"column":54}},"8":{"start":{"line":9,"column":27},"end":{"line":9,"column":54}},"9":{"start":{"line":11,"column":2},"end":{"line":45,"column":3}},"10":{"start":{"line":13,"column":22},"end":{"line":17,"column":5}},"11":{"start":{"line":21,"column":4},"end":{"line":35,"column":5}},"12":{"start":{"line":22,"column":6},"end":{"line":34,"column":7}},"13":{"start":{"line":23,"column":8},"end":{"line":28,"column":11}},"14":{"start":{"line":29,"column":8},"end":{"line":29,"column":26}},"15":{"start":{"line":29,"column":20},"end":{"line":29,"column":26}},"16":{"start":{"line":30,"column":8},"end":{"line":30,"column":62}},"17":{"start":{"line":32,"column":8},"end":{"line":32,"column":20}},"18":{"start":{"line":33,"column":8},"end":{"line":33,"column":24}},"19":{"start":{"line":36,"column":4},"end":{"line":36,"column":69}},"20":{"start":{"line":36,"column":18},"end":{"line":36,"column":69}},"21":{"start":{"line":38,"column":17},"end":{"line":38,"column":33}},"22":{"start":{"line":39,"column":23},"end":{"line":39,"column":50}},"23":{"start":{"line":40,"column":4},"end":{"line":40,"column":36}},"24":{"start":{"line":41,"column":4},"end":{"line":41,"column":22}},"25":{"start":{"line":43,"column":4},"end":{"line":43,"column":73}},"26":{"start":{"line":44,"column":4},"end":{"line":44,"column":16}}},"fnMap":{"0":{"name":"(anonymous_0)","decl":{"start":{"line":4,"column":29},"end":{"line":4,"column":30}},"loc":{"start":{"line":4,"column":53},"end":{"line":46,"column":1}},"line":4}},"branchMap":{"0":{"loc":{"start":{"line":5,"column":2},"end":{"line":5,"column":33}},"type":"if","locations":[{"start":{"line":5,"column":2},"end":{"line":5,"column":33}},{"start":{},"end":{}}],"line":5},"1":{"loc":{"start":{"line":6,"column":2},"end":{"line":6,"column":35}},"type":"if","locations":[{"start":{"line":6,"column":2},"end":{"line":6,"column":35}},{"start":{},"end":{}}],"line":6},"2":{"loc":{"start":{"line":9,"column":2},"end":{"line":9,"column":54}},"type":"if","locations":[{"start":{"line":9,"column":2},"end":{"line":9,"column":54}},{"start":{},"end":{}}],"line":9},"3":{"loc":{"start":{"line":29,"column":8},"end":{"line":29,"column":26}},"type":"if","locations":[{"start":{"line":29,"column":8},"end":{"line":29,"column":26}},{"start":{},"end":{}}],"line":29},"4":{"loc":{"start":{"line":36,"column":4},"end":{"line":36,"column":69}},"type":"if","locations":[{"start":{"line":36,"column":4},"end":{"line":36,"column":69}},{"start":{},"end":{}}],"line":36},"5":{"loc":{"start":{"line":36,"column":24},"end":{"line":36,"column":68}},"type":"binary-expr","locations":[{"start":{"line":36,"column":24},"end":{"line":36,"column":31}},{"start":{"line":36,"column":35},"end":{"line":36,"column":68}}],"line":36},"6":{"loc":{"start":{"line":39,"column":23},"end":{"line":39,"column":50}},"type":"binary-expr","locations":[{"start":{"line":39,"column":23},"end":{"line":39,"column":42}},{"start":{"line":39,"column":46},"end":{"line":39,"column":50}}],"line":39}},"s":{"0":2,"1":2,"2":9,"3":2,"4":7,"5":1,"6":6,"7":6,"8":1,"9":5,"10":5,"11":5,"12":9,"13":9,"14":8,"15":3,"16":1,"17":5,"18":5,"19":5,"20":2,"21":3,"22":3,"23":3,"24":3,"25":2,"26":2},"f":{"0":9},"b":{"0":[2,7],"1":[1,6],"2":[1,5],"3":[3,1],"4":[2,3],"5":[2,0],"6":[3,1]},"_coverageSchema":"1a1c01bbd47fc00a2c39e90264f33305004495a9","hash":"95c975b18b4214447034bb93038a5ea8aeb5be9f"}
}
