TN:
SF:Controllers/AuthControllers.js
FN:5,(anonymous_0)
FN:11,(anonymous_1)
FN:33,(anonymous_2)
FN:78,(anonymous_3)
FNF:4
FNH:4
FNDA:3,(anonymous_0)
FNDA:2,(anonymous_1)
FNDA:6,(anonymous_2)
FNDA:2,(anonymous_3)
DA:5,1
DA:6,3
DA:11,1
DA:12,2
DA:14,2
DA:15,2
DA:16,2
DA:18,2
DA:26,1
DA:29,1
DA:33,1
DA:34,6
DA:35,6
DA:37,6
DA:38,2
DA:41,4
DA:43,3
DA:44,1
DA:47,2
DA:49,2
DA:50,1
DA:53,1
DA:54,1
DA:60,1
DA:73,1
DA:74,1
DA:78,1
DA:79,2
DA:80,2
DA:81,2
DA:82,1
DA:84,0
LF:32
LH:31
BRDA:5,0,0,1
BRDA:37,1,0,2
BRDA:37,1,1,4
BRDA:37,2,0,6
BRDA:37,2,1,5
BRDA:43,3,0,1
BRDA:43,3,1,2
BRDA:49,4,0,1
BRDA:49,4,1,1
BRDA:81,5,0,1
BRDA:81,5,1,1
BRF:11
BRH:11
end_of_record
TN:
SF:Controllers/MessageControllers.js
FN:9,(anonymous_0)
FN:17,(anonymous_1)
FN:24,(anonymous_2)
FN:31,(anonymous_3)
FN:44,(anonymous_4)
FNF:5
FNH:5
FNDA:2,(anonymous_0)
FNDA:2,(anonymous_1)
FNDA:2,(anonymous_2)
FNDA:4,(anonymous_3)
FNDA:3,(anonymous_4)
DA:9,1
DA:10,2
DA:11,2
DA:12,2
DA:13,1
DA:14,1
DA:17,1
DA:18,2
DA:19,2
DA:20,1
DA:21,1
DA:24,1
DA:25,2
DA:26,2
DA:27,1
DA:28,1
DA:31,1
DA:32,4
DA:33,4
DA:34,4
DA:35,3
DA:36,1
DA:38,2
DA:39,1
DA:40,0
DA:44,1
DA:45,3
DA:46,3
DA:47,3
DA:48,2
DA:49,1
DA:51,1
DA:52,0
LF:33
LH:31
BRDA:34,0,0,1
BRDA:34,0,1,3
BRDA:38,1,0,1
BRDA:38,1,1,1
BRDA:39,2,0,1
BRDA:39,2,1,0
BRDA:47,3,0,1
BRDA:47,3,1,2
BRDA:51,4,0,1
BRDA:51,4,1,0
BRF:10
BRH:8
end_of_record
TN:
SF:Controllers/ServerControllers.js
FN:22,(anonymous_0)
FN:27,(anonymous_1)
FN:29,(anonymous_2)
FN:45,(anonymous_3)
FN:54,(anonymous_4)
FN:73,(anonymous_5)
FN:85,(anonymous_6)
FN:100,(anonymous_7)
FN:110,(anonymous_8)
FN:121,(anonymous_9)
FN:132,(anonymous_10)
FN:146,(anonymous_11)
FN:158,(anonymous_12)
FN:173,(anonymous_13)
FN:187,(anonymous_14)
FN:215,(anonymous_15)
FN:225,(anonymous_16)
FN:237,(anonymous_17)
FN:250,(anonymous_18)
FN:266,(anonymous_19)
FN:301,(anonymous_20)
FNF:21
FNH:18
FNDA:39,(anonymous_0)
FNDA:0,(anonymous_1)
FNDA:0,(anonymous_2)
FNDA:2,(anonymous_3)
FNDA:4,(anonymous_4)
FNDA:2,(anonymous_5)
FNDA:0,(anonymous_6)
FNDA:2,(anonymous_7)
FNDA:2,(anonymous_8)
FNDA:1,(anonymous_9)
FNDA:2,(anonymous_10)
FNDA:2,(anonymous_11)
FNDA:2,(anonymous_12)
FNDA:2,(anonymous_13)
FNDA:2,(anonymous_14)
FNDA:1,(anonymous_15)
FNDA:1,(anonymous_16)
FNDA:2,(anonymous_17)
FNDA:2,(anonymous_18)
FNDA:6,(anonymous_19)
FNDA:6,(anonymous_20)
DA:22,2
DA:23,39
DA:27,2
DA:28,0
DA:29,0
DA:30,0
DA:32,0
DA:33,0
DA:34,0
DA:35,0
DA:38,0
DA:39,0
DA:45,2
DA:46,2
DA:47,2
DA:48,1
DA:50,1
DA:54,2
DA:55,4
DA:56,4
DA:57,4
DA:59,4
DA:60,4
DA:62,3
DA:63,3
DA:65,2
DA:66,2
DA:67,1
DA:69,0
DA:73,2
DA:74,2
DA:75,2
DA:76,2
DA:78,1
DA:79,1
DA:81,0
DA:85,2
DA:86,0
DA:87,0
DA:89,0
DA:90,0
DA:92,0
DA:96,0
DA:100,2
DA:101,2
DA:102,2
DA:103,2
DA:104,1
DA:106,0
DA:110,2
DA:111,2
DA:112,2
DA:113,2
DA:114,2
DA:115,1
DA:117,0
DA:121,2
DA:122,1
DA:123,1
DA:124,1
DA:125,1
DA:127,0
DA:132,2
DA:133,2
DA:134,2
DA:135,2
DA:137,2
DA:138,2
DA:140,1
DA:142,0
DA:146,2
DA:147,2
DA:148,2
DA:149,2
DA:150,2
DA:151,1
DA:153,0
DA:158,2
DA:159,2
DA:160,2
DA:161,2
DA:163,2
DA:164,2
DA:166,2
DA:167,1
DA:169,1
DA:173,2
DA:174,2
DA:175,2
DA:176,2
DA:178,2
DA:179,2
DA:180,1
DA:182,0
DA:187,2
DA:188,2
DA:189,2
DA:190,2
DA:192,2
DA:193,1
DA:196,1
DA:199,1
DA:200,1
DA:201,0
DA:202,0
DA:203,0
DA:204,0
DA:209,1
DA:211,0
DA:215,2
DA:216,1
DA:217,1
DA:218,1
DA:219,1
DA:221,0
DA:225,2
DA:226,1
DA:227,1
DA:228,1
DA:229,1
DA:230,1
DA:232,0
DA:237,2
DA:238,2
DA:239,2
DA:240,2
DA:242,2
DA:243,2
DA:244,1
DA:246,0
DA:250,2
DA:251,2
DA:252,2
DA:253,2
DA:255,2
DA:257,1
DA:258,1
DA:259,1
DA:261,0
DA:266,2
DA:267,6
DA:268,6
DA:269,6
DA:272,6
DA:273,6
DA:276,5
DA:277,1
DA:281,4
DA:282,1
DA:285,3
DA:286,3
DA:289,2
DA:290,2
DA:291,0
DA:294,2
DA:296,0
DA:301,2
DA:302,6
DA:303,6
DA:304,6
DA:305,6
DA:308,6
DA:309,6
DA:310,1
DA:314,5
DA:315,5
DA:316,3
DA:317,1
DA:319,2
DA:320,1
DA:323,1
DA:327,3
DA:328,3
DA:331,2
DA:332,1
DA:333,1
DA:334,0
DA:338,2
DA:340,0
LF:179
LH:143
BRDA:22,0,0,26
BRDA:33,1,0,0
BRDA:33,1,1,0
BRDA:60,2,0,1
BRDA:60,2,1,3
BRDA:63,3,0,1
BRDA:63,3,1,2
BRDA:66,4,0,1
BRDA:66,4,1,1
BRDA:76,5,0,1
BRDA:76,5,1,1
BRDA:90,6,0,0
BRDA:90,6,1,0
BRDA:103,7,0,1
BRDA:103,7,1,1
BRDA:114,8,0,1
BRDA:114,8,1,1
BRDA:138,9,0,1
BRDA:138,9,1,1
BRDA:150,10,0,1
BRDA:150,10,1,1
BRDA:179,11,0,1
BRDA:179,11,1,1
BRDA:192,12,0,1
BRDA:192,12,1,1
BRDA:192,13,0,2
BRDA:192,13,1,2
BRDA:192,13,2,2
BRDA:200,14,0,0
BRDA:200,14,1,1
BRDA:203,15,0,0
BRDA:203,15,1,0
BRDA:243,16,0,1
BRDA:243,16,1,1
BRDA:255,17,0,1
BRDA:255,17,1,1
BRDA:258,18,0,0
BRDA:258,18,1,1
BRDA:273,19,0,1
BRDA:273,19,1,5
BRDA:276,20,0,1
BRDA:276,20,1,4
BRDA:281,21,0,1
BRDA:281,21,1,3
BRDA:281,22,0,4
BRDA:281,22,1,1
BRDA:286,23,0,1
BRDA:286,23,1,2
BRDA:290,24,0,0
BRDA:290,24,1,2
BRDA:309,25,0,1
BRDA:309,25,1,5
BRDA:315,26,0,3
BRDA:315,26,1,2
BRDA:316,27,0,1
BRDA:316,27,1,2
BRDA:319,28,0,1
BRDA:319,28,1,1
BRDA:319,29,0,2
BRDA:319,29,1,1
BRDA:327,30,0,3
BRDA:327,30,1,2
BRDA:327,31,0,3
BRDA:327,31,1,3
BRDA:328,32,0,1
BRDA:328,32,1,2
BRDA:331,33,0,1
BRDA:331,33,1,1
BRDA:333,34,0,0
BRDA:333,34,1,1
BRF:70
BRH:60
end_of_record
TN:
SF:Controllers/TranslateControllers.js
FN:5,(anonymous_0)
FNF:1
FNH:1
FNDA:5,(anonymous_0)
DA:3,1
DA:5,1
DA:6,5
DA:7,5
DA:9,5
DA:10,2
DA:12,3
DA:13,1
DA:16,2
DA:17,2
DA:19,0
LF:11
LH:10
BRDA:9,0,0,2
BRDA:9,0,1,3
BRDA:9,1,0,5
BRDA:9,1,1,4
BRDA:12,2,0,1
BRDA:12,2,1,2
BRF:6
BRH:6
end_of_record
TN:
SF:middleware/CheckRole.js
FN:4,(anonymous_0)
FN:5,(anonymous_1)
FNF:2
FNH:2
FNDA:8,(anonymous_0)
FNDA:8,(anonymous_1)
DA:4,1
DA:5,8
DA:6,8
DA:7,8
DA:8,8
DA:10,8
DA:12,7
DA:17,6
DA:18,2
DA:21,2
DA:22,1
DA:28,1
DA:30,4
DA:32,3
DA:35,3
DA:36,1
DA:41,1
DA:45,6
DA:46,1
DA:49,5
DA:51,5
DA:52,1
DA:55,4
DA:56,4
DA:58,1
LF:25
LH:25
BRDA:4,0,0,0
BRDA:10,1,0,1
BRDA:10,1,1,7
BRDA:17,2,0,2
BRDA:17,2,1,4
BRDA:17,3,0,6
BRDA:17,3,1,4
BRDA:21,4,0,1
BRDA:21,4,1,1
BRDA:21,5,0,2
BRDA:21,5,1,1
BRDA:30,6,0,3
BRDA:30,6,1,1
BRDA:35,7,0,1
BRDA:35,7,1,2
BRDA:35,8,0,3
BRDA:35,8,1,1
BRDA:45,9,0,1
BRDA:45,9,1,5
BRDA:51,10,0,1
BRDA:51,10,1,4
BRF:21
BRH:20
end_of_record
TN:
SF:middleware/authentificationJwt.js
FN:3,(anonymous_0)
FNF:1
FNH:1
FNDA:11,(anonymous_0)
DA:3,2
DA:4,11
DA:5,11
DA:7,9
DA:8,9
DA:9,9
DA:10,8
DA:11,8
DA:13,1
LF:9
LH:9
BRDA:5,0,0,2
BRDA:5,0,1,9
BRF:2
BRH:2
end_of_record
TN:
SF:utils/translate.js
FN:12,(anonymous_0)
FNF:1
FNH:1
FNDA:9,(anonymous_0)
DA:2,2
DA:12,2
DA:13,9
DA:14,7
DA:16,6
DA:17,6
DA:19,5
DA:20,5
DA:27,4
DA:29,3
DA:30,3
DA:31,3
DA:32,3
DA:34,2
DA:35,2
LF:15
LH:15
BRDA:13,0,0,2
BRDA:13,0,1,7
BRDA:14,1,0,1
BRDA:14,1,1,6
BRDA:17,2,0,1
BRDA:17,2,1,5
BRDA:27,3,0,1
BRDA:27,3,1,3
BRDA:30,4,0,3
BRDA:30,4,1,1
BRF:10
BRH:10
end_of_record
