TN:
SF:Controllers/AuthControllers.js
FN:5,(anonymous_0)
FN:11,(anonymous_1)
FN:37,(anonymous_2)
FN:91,(anonymous_3)
FNF:4
FNH:4
FNDA:3,(anonymous_0)
FNDA:2,(anonymous_1)
FNDA:6,(anonymous_2)
FNDA:2,(anonymous_3)
DA:5,1
DA:6,3
DA:11,1
DA:12,2
DA:14,2
DA:15,2
DA:18,2
DA:21,2
DA:30,1
DA:33,1
DA:37,1
DA:38,6
DA:39,6
DA:42,6
DA:43,2
DA:47,4
DA:50,3
DA:51,1
DA:56,2
DA:59,2
DA:60,1
DA:64,1
DA:66,1
DA:73,1
DA:86,1
DA:87,1
DA:91,1
DA:92,2
DA:93,2
DA:94,2
DA:95,1
DA:97,0
LF:32
LH:31
BRDA:5,0,0,1
BRDA:42,1,0,2
BRDA:42,1,1,4
BRDA:42,2,0,6
BRDA:42,2,1,5
BRDA:50,3,0,1
BRDA:50,3,1,2
BRDA:59,4,0,1
BRDA:59,4,1,1
BRDA:94,5,0,1
BRDA:94,5,1,1
BRF:11
BRH:11
end_of_record
TN:
SF:Controllers/MessageControllers.js
FN:12,(anonymous_0)
FN:21,(anonymous_1)
FN:29,(anonymous_2)
FN:36,(anonymous_3)
FN:52,(anonymous_4)
FNF:5
FNH:5
FNDA:2,(anonymous_0)
FNDA:2,(anonymous_1)
FNDA:2,(anonymous_2)
FNDA:4,(anonymous_3)
FNDA:3,(anonymous_4)
DA:12,1
DA:13,2
DA:14,2
DA:16,2
DA:17,1
DA:18,1
DA:21,1
DA:22,2
DA:24,2
DA:25,1
DA:26,1
DA:29,1
DA:30,2
DA:31,2
DA:32,1
DA:33,1
DA:36,1
DA:37,4
DA:38,4
DA:40,4
DA:42,3
DA:43,1
DA:46,2
DA:47,1
DA:48,0
DA:52,1
DA:53,3
DA:54,3
DA:55,3
DA:57,2
DA:59,1
DA:61,1
DA:62,0
LF:33
LH:31
BRDA:40,0,0,1
BRDA:40,0,1,3
BRDA:46,1,0,1
BRDA:46,1,1,1
BRDA:47,2,0,1
BRDA:47,2,1,0
BRDA:55,3,0,1
BRDA:55,3,1,2
BRDA:61,4,0,1
BRDA:61,4,1,0
BRF:10
BRH:8
end_of_record
TN:
SF:Controllers/ServerControllers.js
FN:22,(anonymous_0)
FN:27,(anonymous_1)
FN:29,(anonymous_2)
FN:45,(anonymous_3)
FN:54,(anonymous_4)
FN:73,(anonymous_5)
FN:85,(anonymous_6)
FN:100,(anonymous_7)
FN:110,(anonymous_8)
FN:121,(anonymous_9)
FN:132,(anonymous_10)
FN:146,(anonymous_11)
FN:158,(anonymous_12)
FN:173,(anonymous_13)
FN:187,(anonymous_14)
FN:215,(anonymous_15)
FN:225,(anonymous_16)
FN:237,(anonymous_17)
FN:250,(anonymous_18)
FN:266,(anonymous_19)
FN:305,(anonymous_20)
FNF:21
FNH:18
FNDA:39,(anonymous_0)
FNDA:0,(anonymous_1)
FNDA:0,(anonymous_2)
FNDA:2,(anonymous_3)
FNDA:4,(anonymous_4)
FNDA:2,(anonymous_5)
FNDA:0,(anonymous_6)
FNDA:2,(anonymous_7)
FNDA:2,(anonymous_8)
FNDA:1,(anonymous_9)
FNDA:2,(anonymous_10)
FNDA:2,(anonymous_11)
FNDA:2,(anonymous_12)
FNDA:2,(anonymous_13)
FNDA:2,(anonymous_14)
FNDA:1,(anonymous_15)
FNDA:1,(anonymous_16)
FNDA:2,(anonymous_17)
FNDA:2,(anonymous_18)
FNDA:6,(anonymous_19)
FNDA:6,(anonymous_20)
DA:22,2
DA:23,39
DA:27,2
DA:28,0
DA:29,0
DA:30,0
DA:32,0
DA:33,0
DA:34,0
DA:35,0
DA:38,0
DA:39,0
DA:45,2
DA:46,2
DA:47,2
DA:48,1
DA:50,1
DA:54,2
DA:55,4
DA:56,4
DA:57,4
DA:59,4
DA:60,4
DA:62,3
DA:63,3
DA:65,2
DA:66,2
DA:67,1
DA:69,0
DA:73,2
DA:74,2
DA:75,2
DA:76,2
DA:78,1
DA:79,1
DA:81,0
DA:85,2
DA:86,0
DA:87,0
DA:89,0
DA:90,0
DA:92,0
DA:96,0
DA:100,2
DA:101,2
DA:102,2
DA:103,2
DA:104,1
DA:106,0
DA:110,2
DA:111,2
DA:112,2
DA:113,2
DA:114,2
DA:115,1
DA:117,0
DA:121,2
DA:122,1
DA:123,1
DA:124,1
DA:125,1
DA:127,0
DA:132,2
DA:133,2
DA:134,2
DA:135,2
DA:137,2
DA:138,2
DA:140,1
DA:142,0
DA:146,2
DA:147,2
DA:148,2
DA:149,2
DA:150,2
DA:151,1
DA:153,0
DA:158,2
DA:159,2
DA:160,2
DA:161,2
DA:163,2
DA:164,2
DA:166,2
DA:167,1
DA:169,1
DA:173,2
DA:174,2
DA:175,2
DA:176,2
DA:178,2
DA:179,2
DA:180,1
DA:182,0
DA:187,2
DA:188,2
DA:189,2
DA:190,2
DA:192,2
DA:193,1
DA:196,1
DA:199,1
DA:200,1
DA:201,0
DA:202,0
DA:203,0
DA:204,0
DA:209,1
DA:211,0
DA:215,2
DA:216,1
DA:217,1
DA:218,1
DA:219,1
DA:221,0
DA:225,2
DA:226,1
DA:227,1
DA:228,1
DA:229,1
DA:230,1
DA:232,0
DA:237,2
DA:238,2
DA:239,2
DA:240,2
DA:242,2
DA:243,2
DA:244,1
DA:246,0
DA:250,2
DA:251,2
DA:252,2
DA:253,2
DA:255,2
DA:257,1
DA:258,1
DA:259,1
DA:261,0
DA:266,2
DA:267,6
DA:268,6
DA:270,6
DA:273,6
DA:275,6
DA:278,5
DA:279,1
DA:283,4
DA:284,1
DA:288,3
DA:289,3
DA:292,2
DA:293,2
DA:295,0
DA:298,2
DA:300,0
DA:305,2
DA:306,6
DA:307,6
DA:308,6
DA:310,6
DA:313,6
DA:314,6
DA:315,1
DA:319,5
DA:320,5
DA:322,3
DA:323,1
DA:326,2
DA:327,1
DA:330,1
DA:334,3
DA:335,3
DA:338,2
DA:339,1
DA:340,1
DA:341,0
DA:345,2
DA:347,0
LF:179
LH:143
BRDA:22,0,0,26
BRDA:33,1,0,0
BRDA:33,1,1,0
BRDA:60,2,0,1
BRDA:60,2,1,3
BRDA:63,3,0,1
BRDA:63,3,1,2
BRDA:66,4,0,1
BRDA:66,4,1,1
BRDA:76,5,0,1
BRDA:76,5,1,1
BRDA:90,6,0,0
BRDA:90,6,1,0
BRDA:103,7,0,1
BRDA:103,7,1,1
BRDA:114,8,0,1
BRDA:114,8,1,1
BRDA:138,9,0,1
BRDA:138,9,1,1
BRDA:150,10,0,1
BRDA:150,10,1,1
BRDA:179,11,0,1
BRDA:179,11,1,1
BRDA:192,12,0,1
BRDA:192,12,1,1
BRDA:192,13,0,2
BRDA:192,13,1,2
BRDA:192,13,2,2
BRDA:200,14,0,0
BRDA:200,14,1,1
BRDA:203,15,0,0
BRDA:203,15,1,0
BRDA:243,16,0,1
BRDA:243,16,1,1
BRDA:255,17,0,1
BRDA:255,17,1,1
BRDA:258,18,0,0
BRDA:258,18,1,1
BRDA:275,19,0,1
BRDA:275,19,1,5
BRDA:278,20,0,1
BRDA:278,20,1,4
BRDA:283,21,0,1
BRDA:283,21,1,3
BRDA:283,22,0,4
BRDA:283,22,1,1
BRDA:289,23,0,1
BRDA:289,23,1,2
BRDA:293,24,0,0
BRDA:293,24,1,2
BRDA:314,25,0,1
BRDA:314,25,1,5
BRDA:320,26,0,3
BRDA:320,26,1,2
BRDA:322,27,0,1
BRDA:322,27,1,2
BRDA:326,28,0,1
BRDA:326,28,1,1
BRDA:326,29,0,2
BRDA:326,29,1,1
BRDA:334,30,0,3
BRDA:334,30,1,2
BRDA:334,31,0,3
BRDA:334,31,1,3
BRDA:335,32,0,1
BRDA:335,32,1,2
BRDA:338,33,0,1
BRDA:338,33,1,1
BRDA:340,34,0,0
BRDA:340,34,1,1
BRF:70
BRH:60
end_of_record
TN:
SF:Controllers/TranslateControllers.js
FN:6,(anonymous_0)
FNF:1
FNH:1
FNDA:5,(anonymous_0)
DA:4,1
DA:6,1
DA:7,5
DA:8,5
DA:11,5
DA:12,2
DA:15,3
DA:16,1
DA:20,2
DA:22,2
DA:24,0
LF:11
LH:10
BRDA:11,0,0,2
BRDA:11,0,1,3
BRDA:11,1,0,5
BRDA:11,1,1,4
BRDA:15,2,0,1
BRDA:15,2,1,2
BRF:6
BRH:6
end_of_record
TN:
SF:middleware/CheckRole.js
FN:7,(anonymous_0)
FN:8,(anonymous_1)
FNF:2
FNH:2
FNDA:8,(anonymous_0)
FNDA:8,(anonymous_1)
DA:7,1
DA:8,8
DA:9,8
DA:10,8
DA:12,8
DA:15,8
DA:18,7
DA:23,6
DA:24,2
DA:27,2
DA:29,1
DA:35,1
DA:37,4
DA:40,3
DA:43,3
DA:44,1
DA:49,1
DA:54,6
DA:55,1
DA:58,5
DA:62,5
DA:63,1
DA:68,4
DA:70,4
DA:72,1
LF:25
LH:25
BRDA:7,0,0,0
BRDA:15,1,0,1
BRDA:15,1,1,7
BRDA:23,2,0,2
BRDA:23,2,1,4
BRDA:23,3,0,6
BRDA:23,3,1,4
BRDA:27,4,0,1
BRDA:27,4,1,1
BRDA:27,5,0,2
BRDA:27,5,1,1
BRDA:37,6,0,3
BRDA:37,6,1,1
BRDA:43,7,0,1
BRDA:43,7,1,2
BRDA:43,8,0,3
BRDA:43,8,1,1
BRDA:54,9,0,1
BRDA:54,9,1,5
BRDA:62,10,0,1
BRDA:62,10,1,4
BRF:21
BRH:20
end_of_record
TN:
SF:middleware/authentificationJwt.js
FN:5,(anonymous_0)
FNF:1
FNH:1
FNDA:11,(anonymous_0)
DA:5,2
DA:6,11
DA:8,11
DA:13,9
DA:14,9
DA:17,9
DA:19,8
DA:21,8
DA:24,1
LF:9
LH:9
BRDA:8,0,0,2
BRDA:8,0,1,9
BRF:2
BRH:2
end_of_record
TN:
SF:utils/translate.js
FN:5,(anonymous_0)
FNF:1
FNH:1
FNDA:9,(anonymous_0)
DA:3,2
DA:5,2
DA:7,9
DA:9,7
DA:12,6
DA:15,6
DA:17,5
DA:21,5
DA:29,5
DA:30,9
DA:31,9
DA:37,8
DA:38,1
DA:40,5
DA:41,5
DA:44,5
DA:46,3
DA:48,3
DA:50,3
DA:51,3
DA:55,2
DA:56,2
LF:22
LH:22
BRDA:7,0,0,2
BRDA:7,0,1,7
BRDA:9,1,0,1
BRDA:9,1,1,6
BRDA:15,2,0,1
BRDA:15,2,1,5
BRDA:37,3,0,3
BRDA:37,3,1,1
BRDA:44,4,0,2
BRDA:44,4,1,3
BRDA:44,5,0,2
BRDA:44,5,1,0
BRDA:48,6,0,3
BRDA:48,6,1,1
BRF:14
BRH:13
end_of_record
